2020-08-10 17:02:28.095 [main] INFO  com.example.one.OneApplication -Starting OneApplication on cuiyaozhongdeMacBook-Pro.local with PID 54543 (/Users/cuiyaozhong/software/ideapace/one/target/classes started by cuiyaozhong in /Users/cuiyaozhong/software/ideapace/one)
2020-08-10 17:02:28.110 [main] INFO  com.example.one.OneApplication -No active profile set, falling back to default profiles: default
2020-08-10 17:02:29.060 [main] INFO  o.s.d.r.c.RepositoryConfigurationDelegate -Multiple Spring Data modules found, entering strict repository configuration mode!
2020-08-10 17:02:29.064 [main] INFO  o.s.d.r.c.RepositoryConfigurationDelegate -Bootstrapping Spring Data Redis repositories in DEFAULT mode.
2020-08-10 17:02:29.105 [main] INFO  o.s.d.r.c.RepositoryConfigurationDelegate -Finished Spring Data repository scanning in 21ms. Found 0 Redis repository interfaces.
2020-08-10 17:02:29.378 [main] INFO  o.s.c.s.PostProcessorRegistrationDelegate$BeanPostProcessorChecker -Bean 'com.alibaba.druid.spring.boot.autoconfigure.stat.DruidSpringAopConfiguration' of type [com.alibaba.druid.spring.boot.autoconfigure.stat.DruidSpringAopConfiguration] is not eligible for getting processed by all BeanPostProcessors (for example: not eligible for auto-proxying)
2020-08-10 17:02:29.424 [main] INFO  o.s.c.s.PostProcessorRegistrationDelegate$BeanPostProcessorChecker -Bean 'spring.datasource.druid-com.alibaba.druid.spring.boot.autoconfigure.properties.DruidStatProperties' of type [com.alibaba.druid.spring.boot.autoconfigure.properties.DruidStatProperties] is not eligible for getting processed by all BeanPostProcessors (for example: not eligible for auto-proxying)
2020-08-10 17:02:29.431 [main] INFO  o.s.c.s.PostProcessorRegistrationDelegate$BeanPostProcessorChecker -Bean 'advisor' of type [org.springframework.aop.support.RegexpMethodPointcutAdvisor] is not eligible for getting processed by all BeanPostProcessors (for example: not eligible for auto-proxying)
2020-08-10 17:02:29.713 [main] INFO  o.s.b.w.e.tomcat.TomcatWebServer -Tomcat initialized with port(s): 8080 (http)
2020-08-10 17:02:29.725 [main] INFO  o.a.coyote.http11.Http11NioProtocol -Initializing ProtocolHandler ["http-nio-8080"]
2020-08-10 17:02:29.725 [main] INFO  o.a.catalina.core.StandardService -Starting service [Tomcat]
2020-08-10 17:02:29.726 [main] INFO  o.a.catalina.core.StandardEngine -Starting Servlet engine: [Apache Tomcat/9.0.34]
2020-08-10 17:02:29.814 [main] INFO  o.a.c.c.C.[Tomcat].[localhost].[/] -Initializing Spring embedded WebApplicationContext
2020-08-10 17:02:29.814 [main] INFO  o.s.web.context.ContextLoader -Root WebApplicationContext: initialization completed in 1619 ms
2020-08-10 17:02:29.919 [main] INFO  c.a.d.s.b.a.DruidDataSourceAutoConfigure -Init DruidDataSource
2020-08-10 17:02:30.460 [main] INFO  c.alibaba.druid.pool.DruidDataSource -{dataSource-1} inited
2020-08-10 17:02:30.957 [main] INFO  o.s.s.c.ThreadPoolTaskExecutor -Initializing ExecutorService 'applicationTaskExecutor'
2020-08-10 17:02:31.032 [main] INFO  o.s.b.a.w.s.WelcomePageHandlerMapping -Adding welcome page template: index
2020-08-10 17:02:31.267 [main] INFO  o.a.coyote.http11.Http11NioProtocol -Starting ProtocolHandler ["http-nio-8080"]
2020-08-10 17:02:31.302 [main] INFO  o.s.b.w.e.tomcat.TomcatWebServer -Tomcat started on port(s): 8080 (http) with context path ''
2020-08-10 17:02:31.305 [main] INFO  com.example.one.OneApplication -Started OneApplication in 3.737 seconds (JVM running for 4.76)
2020-08-10 17:02:45.336 [http-nio-8080-exec-1] INFO  o.a.c.c.C.[Tomcat].[localhost].[/] -Initializing Spring DispatcherServlet 'dispatcherServlet'
2020-08-10 17:02:45.337 [http-nio-8080-exec-1] INFO  o.s.web.servlet.DispatcherServlet -Initializing Servlet 'dispatcherServlet'
2020-08-10 17:02:45.348 [http-nio-8080-exec-1] INFO  o.s.web.servlet.DispatcherServlet -Completed initialization in 11 ms
2020-08-10 17:03:55.118 [SpringContextShutdownHook] INFO  o.s.s.c.ThreadPoolTaskExecutor -Shutting down ExecutorService 'applicationTaskExecutor'
2020-08-10 17:03:55.120 [SpringContextShutdownHook] INFO  c.alibaba.druid.pool.DruidDataSource -{dataSource-1} closing ...
2020-08-10 17:03:55.132 [SpringContextShutdownHook] INFO  c.alibaba.druid.pool.DruidDataSource -{dataSource-1} closed
2020-08-10 17:03:59.654 [main] INFO  com.example.one.OneApplication -Starting OneApplication on cuiyaozhongdeMacBook-Pro.local with PID 54755 (/Users/cuiyaozhong/software/ideapace/one/target/classes started by cuiyaozhong in /Users/cuiyaozhong/software/ideapace/one)
2020-08-10 17:03:59.655 [main] INFO  com.example.one.OneApplication -No active profile set, falling back to default profiles: default
2020-08-10 17:04:00.422 [main] INFO  o.s.d.r.c.RepositoryConfigurationDelegate -Multiple Spring Data modules found, entering strict repository configuration mode!
2020-08-10 17:04:00.424 [main] INFO  o.s.d.r.c.RepositoryConfigurationDelegate -Bootstrapping Spring Data Redis repositories in DEFAULT mode.
2020-08-10 17:04:00.450 [main] INFO  o.s.d.r.c.RepositoryConfigurationDelegate -Finished Spring Data repository scanning in 6ms. Found 0 Redis repository interfaces.
2020-08-10 17:04:00.984 [main] INFO  o.s.c.s.PostProcessorRegistrationDelegate$BeanPostProcessorChecker -Bean 'com.alibaba.druid.spring.boot.autoconfigure.stat.DruidSpringAopConfiguration' of type [com.alibaba.druid.spring.boot.autoconfigure.stat.DruidSpringAopConfiguration] is not eligible for getting processed by all BeanPostProcessors (for example: not eligible for auto-proxying)
2020-08-10 17:04:01.179 [main] INFO  o.s.c.s.PostProcessorRegistrationDelegate$BeanPostProcessorChecker -Bean 'spring.datasource.druid-com.alibaba.druid.spring.boot.autoconfigure.properties.DruidStatProperties' of type [com.alibaba.druid.spring.boot.autoconfigure.properties.DruidStatProperties] is not eligible for getting processed by all BeanPostProcessors (for example: not eligible for auto-proxying)
2020-08-10 17:04:01.191 [main] INFO  o.s.c.s.PostProcessorRegistrationDelegate$BeanPostProcessorChecker -Bean 'advisor' of type [org.springframework.aop.support.RegexpMethodPointcutAdvisor] is not eligible for getting processed by all BeanPostProcessors (for example: not eligible for auto-proxying)
2020-08-10 17:04:01.792 [main] INFO  o.s.b.w.e.tomcat.TomcatWebServer -Tomcat initialized with port(s): 8080 (http)
2020-08-10 17:04:01.801 [main] INFO  o.a.coyote.http11.Http11NioProtocol -Initializing ProtocolHandler ["http-nio-8080"]
2020-08-10 17:04:01.802 [main] INFO  o.a.catalina.core.StandardService -Starting service [Tomcat]
2020-08-10 17:04:01.802 [main] INFO  o.a.catalina.core.StandardEngine -Starting Servlet engine: [Apache Tomcat/9.0.34]
2020-08-10 17:04:01.874 [main] INFO  o.a.c.c.C.[Tomcat].[localhost].[/] -Initializing Spring embedded WebApplicationContext
2020-08-10 17:04:01.874 [main] INFO  o.s.web.context.ContextLoader -Root WebApplicationContext: initialization completed in 2177 ms
2020-08-10 17:04:01.950 [main] INFO  c.a.d.s.b.a.DruidDataSourceAutoConfigure -Init DruidDataSource
2020-08-10 17:04:02.321 [main] INFO  c.alibaba.druid.pool.DruidDataSource -{dataSource-1} inited
2020-08-10 17:04:02.718 [main] INFO  o.s.s.c.ThreadPoolTaskExecutor -Initializing ExecutorService 'applicationTaskExecutor'
2020-08-10 17:04:02.833 [main] INFO  o.s.b.a.w.s.WelcomePageHandlerMapping -Adding welcome page template: index
2020-08-10 17:04:03.298 [main] INFO  o.a.coyote.http11.Http11NioProtocol -Starting ProtocolHandler ["http-nio-8080"]
2020-08-10 17:04:03.330 [main] INFO  o.s.b.w.e.tomcat.TomcatWebServer -Tomcat started on port(s): 8080 (http) with context path ''
2020-08-10 17:04:03.333 [main] INFO  com.example.one.OneApplication -Started OneApplication in 3.996 seconds (JVM running for 4.69)
2020-08-10 17:04:43.583 [http-nio-8080-exec-1] INFO  o.a.c.c.C.[Tomcat].[localhost].[/] -Initializing Spring DispatcherServlet 'dispatcherServlet'
2020-08-10 17:04:43.583 [http-nio-8080-exec-1] INFO  o.s.web.servlet.DispatcherServlet -Initializing Servlet 'dispatcherServlet'
2020-08-10 17:04:43.592 [http-nio-8080-exec-1] INFO  o.s.web.servlet.DispatcherServlet -Completed initialization in 9 ms
2020-08-10 17:05:13.537 [SpringContextShutdownHook] INFO  o.s.s.c.ThreadPoolTaskExecutor -Shutting down ExecutorService 'applicationTaskExecutor'
2020-08-10 17:05:13.538 [SpringContextShutdownHook] INFO  c.alibaba.druid.pool.DruidDataSource -{dataSource-1} closing ...
2020-08-10 17:05:13.554 [SpringContextShutdownHook] INFO  c.alibaba.druid.pool.DruidDataSource -{dataSource-1} closed
