[TID: ] 2020-08-12 15:52:28.514 INFO  --- [StartupInfoLogger.java:55] [main] - Starting OneApplication on cuiyaozhongdeMacBook-Pro.local with PID 75062 (/Users/cuiyaozhong/software/ideapace/one/target/classes started by cuiyaozhong in /Users/cuiyaozhong/software/ideapace/one)
[TID: ] 2020-08-12 15:52:28.517 DEBUG --- [StartupInfoLogger.java:56] [main] - Running with Spring Boot v2.2.7.RELEASE, Spring v5.2.6.RELEASE
[TID: ] 2020-08-12 15:52:28.518 INFO  --- [SpringApplication.java:651] [main] - No active profile set, falling back to default profiles: default
[TID: ] 2020-08-12 15:52:29.238 INFO  --- [RepositoryConfigurationDelegate.java:249] [main] - Multiple Spring Data modules found, entering strict repository configuration mode!
[TID: ] 2020-08-12 15:52:29.243 INFO  --- [RepositoryConfigurationDelegate.java:127] [main] - Bootstrapping Spring Data Redis repositories in DEFAULT mode.
[TID: ] 2020-08-12 15:52:29.276 INFO  --- [RepositoryConfigurationDelegate.java:187] [main] - Finished Spring Data repository scanning in 15ms. Found 0 Redis repository interfaces.
[TID: ] 2020-08-12 15:52:29.539 INFO  --- [PostProcessorRegistrationDelegate.java:335] [main] - Bean 'com.alibaba.druid.spring.boot.autoconfigure.stat.DruidSpringAopConfiguration' of type [com.alibaba.druid.spring.boot.autoconfigure.stat.DruidSpringAopConfiguration] is not eligible for getting processed by all BeanPostProcessors (for example: not eligible for auto-proxying)
[TID: ] 2020-08-12 15:52:29.689 INFO  --- [PostProcessorRegistrationDelegate.java:335] [main] - Bean 'spring.datasource.druid-com.alibaba.druid.spring.boot.autoconfigure.properties.DruidStatProperties' of type [com.alibaba.druid.spring.boot.autoconfigure.properties.DruidStatProperties] is not eligible for getting processed by all BeanPostProcessors (for example: not eligible for auto-proxying)
[TID: ] 2020-08-12 15:52:29.696 INFO  --- [PostProcessorRegistrationDelegate.java:335] [main] - Bean 'advisor' of type [org.springframework.aop.support.RegexpMethodPointcutAdvisor] is not eligible for getting processed by all BeanPostProcessors (for example: not eligible for auto-proxying)
[TID: ] 2020-08-12 15:52:29.936 INFO  --- [TomcatWebServer.java:91] [main] - Tomcat initialized with port(s): 8080 (http)
[TID: ] 2020-08-12 15:52:30.014 INFO  --- [ServletWebServerApplicationContext.java:284] [main] - Root WebApplicationContext: initialization completed in 1452 ms
[TID: ] 2020-08-12 15:52:30.177 INFO  --- [DruidDataSourceAutoConfigure.java:56] [main] - Init DruidDataSource
[TID: ] 2020-08-12 15:52:30.555 INFO  --- [DruidDataSource.java:1010] [main] - {dataSource-1} inited
[TID: ] 2020-08-12 15:52:31.052 INFO  --- [ExecutorConfigurationSupport.java:181] [main] - Initializing ExecutorService 'applicationTaskExecutor'
[TID: ] 2020-08-12 15:52:31.116 INFO  --- [WelcomePageHandlerMapping.java:58] [main] - Adding welcome page template: index
[TID: ] 2020-08-12 15:52:31.439 INFO  --- [TomcatWebServer.java:203] [main] - Tomcat started on port(s): 8080 (http) with context path ''
[TID: ] 2020-08-12 15:52:31.443 INFO  --- [StartupInfoLogger.java:61] [main] - Started OneApplication in 3.354 seconds (JVM running for 5.454)
[TID: ] 2020-08-12 15:53:18.183 INFO  --- [FrameworkServlet.java:525] [http-nio-8080-exec-1] - Initializing Servlet 'dispatcherServlet'
[TID: ] 2020-08-12 15:53:18.191 INFO  --- [FrameworkServlet.java:547] [http-nio-8080-exec-1] - Completed initialization in 8 ms
[TID: ] 2020-08-12 15:53:18.232 INFO  --- [WEBAspect.java:43] [http-nio-8080-exec-1] - path：/aspect
[TID: ] 2020-08-12 15:53:18.232 INFO  --- [WEBAspect.java:44] [http-nio-8080-exec-1] - class name：com.example.one.controller.AspectController
[TID: ] 2020-08-12 15:53:18.232 INFO  --- [WEBAspect.java:45] [http-nio-8080-exec-1] - method name：aspect
[TID: ] 2020-08-12 15:53:18.232 INFO  --- [WEBAspect.java:46] [http-nio-8080-exec-1] - args：{message=null}
[TID: ] 2020-08-12 15:53:18.236 INFO  --- [AspectController.java:20] [http-nio-8080-exec-1] - aspect controller
[TID: ] 2020-08-12 15:53:18.238 INFO  --- [WEBAspect.java:52] [http-nio-8080-exec-1] - aspect after
[TID: ] 2020-08-12 15:53:18.238 INFO  --- [WEBAspect.java:57] [http-nio-8080-exec-1] - aspect after return, returnVal: com.example.one.util.Result@5bddba5a
[TID: ] 2020-08-12 15:54:01.229 INFO  --- [ExecutorConfigurationSupport.java:218] [SpringContextShutdownHook] - Shutting down ExecutorService 'applicationTaskExecutor'
[TID: ] 2020-08-12 15:54:01.230 INFO  --- [DruidDataSource.java:2003] [SpringContextShutdownHook] - {dataSource-1} closing ...
[TID: ] 2020-08-12 15:54:01.241 INFO  --- [DruidDataSource.java:2075] [SpringContextShutdownHook] - {dataSource-1} closed
[TID: ] 2020-08-12 16:54:29.322 INFO  --- [StartupInfoLogger.java:55] [main] - Starting OneApplication on cuiyaozhongdeMacBook-Pro.local with PID 83576 (/Users/cuiyaozhong/software/ideapace/one/target/classes started by cuiyaozhong in /Users/cuiyaozhong/software/ideapace/one)
[TID: ] 2020-08-12 16:54:29.324 DEBUG --- [StartupInfoLogger.java:56] [main] - Running with Spring Boot v2.2.7.RELEASE, Spring v5.2.6.RELEASE
[TID: ] 2020-08-12 16:54:29.325 INFO  --- [SpringApplication.java:651] [main] - No active profile set, falling back to default profiles: default
[TID: ] 2020-08-12 16:54:29.927 INFO  --- [RepositoryConfigurationDelegate.java:249] [main] - Multiple Spring Data modules found, entering strict repository configuration mode!
[TID: ] 2020-08-12 16:54:29.929 INFO  --- [RepositoryConfigurationDelegate.java:127] [main] - Bootstrapping Spring Data Redis repositories in DEFAULT mode.
[TID: ] 2020-08-12 16:54:29.958 INFO  --- [RepositoryConfigurationDelegate.java:187] [main] - Finished Spring Data repository scanning in 15ms. Found 0 Redis repository interfaces.
[TID: ] 2020-08-12 16:54:30.154 INFO  --- [PostProcessorRegistrationDelegate.java:335] [main] - Bean 'com.alibaba.druid.spring.boot.autoconfigure.stat.DruidSpringAopConfiguration' of type [com.alibaba.druid.spring.boot.autoconfigure.stat.DruidSpringAopConfiguration] is not eligible for getting processed by all BeanPostProcessors (for example: not eligible for auto-proxying)
[TID: ] 2020-08-12 16:54:30.282 INFO  --- [PostProcessorRegistrationDelegate.java:335] [main] - Bean 'spring.datasource.druid-com.alibaba.druid.spring.boot.autoconfigure.properties.DruidStatProperties' of type [com.alibaba.druid.spring.boot.autoconfigure.properties.DruidStatProperties] is not eligible for getting processed by all BeanPostProcessors (for example: not eligible for auto-proxying)
[TID: ] 2020-08-12 16:54:30.288 INFO  --- [PostProcessorRegistrationDelegate.java:335] [main] - Bean 'advisor' of type [org.springframework.aop.support.RegexpMethodPointcutAdvisor] is not eligible for getting processed by all BeanPostProcessors (for example: not eligible for auto-proxying)
[TID: ] 2020-08-12 16:54:30.495 INFO  --- [TomcatWebServer.java:91] [main] - Tomcat initialized with port(s): 8080 (http)
[TID: ] 2020-08-12 16:54:30.600 INFO  --- [ServletWebServerApplicationContext.java:284] [main] - Root WebApplicationContext: initialization completed in 1194 ms
[TID: ] 2020-08-12 16:54:30.704 INFO  --- [DruidDataSourceAutoConfigure.java:56] [main] - Init DruidDataSource
[TID: ] 2020-08-12 16:54:30.982 INFO  --- [DruidDataSource.java:1010] [main] - {dataSource-1} inited
[TID: ] 2020-08-12 16:54:31.333 INFO  --- [ExecutorConfigurationSupport.java:181] [main] - Initializing ExecutorService 'applicationTaskExecutor'
[TID: ] 2020-08-12 16:54:31.395 INFO  --- [WelcomePageHandlerMapping.java:58] [main] - Adding welcome page template: index
[TID: ] 2020-08-12 16:54:31.692 INFO  --- [TomcatWebServer.java:203] [main] - Tomcat started on port(s): 8080 (http) with context path ''
[TID: ] 2020-08-12 16:54:31.696 INFO  --- [StartupInfoLogger.java:61] [main] - Started OneApplication in 3.043 seconds (JVM running for 4.416)
[TID: ] 2020-08-12 16:54:36.271 INFO  --- [ExecutorConfigurationSupport.java:218] [SpringContextShutdownHook] - Shutting down ExecutorService 'applicationTaskExecutor'
[TID: ] 2020-08-12 16:54:36.272 INFO  --- [DruidDataSource.java:2003] [SpringContextShutdownHook] - {dataSource-1} closing ...
[TID: ] 2020-08-12 16:54:36.285 INFO  --- [DruidDataSource.java:2075] [SpringContextShutdownHook] - {dataSource-1} closed
[TID: ] 2020-08-12 18:40:50.109 INFO  --- [StartupInfoLogger.java:55] [main] - Starting OneApplication on cuiyaozhongdeMacBook-Pro.local with PID 94676 (/Users/cuiyaozhong/software/ideapace/one/target/classes started by cuiyaozhong in /Users/cuiyaozhong/software/ideapace/one)
[TID: ] 2020-08-12 18:40:50.111 DEBUG --- [StartupInfoLogger.java:56] [main] - Running with Spring Boot v2.2.7.RELEASE, Spring v5.2.6.RELEASE
[TID: ] 2020-08-12 18:40:50.111 INFO  --- [SpringApplication.java:651] [main] - No active profile set, falling back to default profiles: default
[TID: ] 2020-08-12 18:40:51.010 INFO  --- [RepositoryConfigurationDelegate.java:249] [main] - Multiple Spring Data modules found, entering strict repository configuration mode!
[TID: ] 2020-08-12 18:40:51.012 INFO  --- [RepositoryConfigurationDelegate.java:127] [main] - Bootstrapping Spring Data Redis repositories in DEFAULT mode.
[TID: ] 2020-08-12 18:40:51.042 INFO  --- [RepositoryConfigurationDelegate.java:187] [main] - Finished Spring Data repository scanning in 13ms. Found 0 Redis repository interfaces.
[TID: ] 2020-08-12 18:40:51.287 INFO  --- [PostProcessorRegistrationDelegate.java:335] [main] - Bean 'com.alibaba.druid.spring.boot.autoconfigure.stat.DruidSpringAopConfiguration' of type [com.alibaba.druid.spring.boot.autoconfigure.stat.DruidSpringAopConfiguration] is not eligible for getting processed by all BeanPostProcessors (for example: not eligible for auto-proxying)
[TID: ] 2020-08-12 18:40:51.424 INFO  --- [PostProcessorRegistrationDelegate.java:335] [main] - Bean 'spring.datasource.druid-com.alibaba.druid.spring.boot.autoconfigure.properties.DruidStatProperties' of type [com.alibaba.druid.spring.boot.autoconfigure.properties.DruidStatProperties] is not eligible for getting processed by all BeanPostProcessors (for example: not eligible for auto-proxying)
[TID: ] 2020-08-12 18:40:51.428 INFO  --- [PostProcessorRegistrationDelegate.java:335] [main] - Bean 'advisor' of type [org.springframework.aop.support.RegexpMethodPointcutAdvisor] is not eligible for getting processed by all BeanPostProcessors (for example: not eligible for auto-proxying)
[TID: ] 2020-08-12 18:40:51.645 INFO  --- [TomcatWebServer.java:91] [main] - Tomcat initialized with port(s): 8080 (http)
[TID: ] 2020-08-12 18:40:51.711 INFO  --- [ServletWebServerApplicationContext.java:284] [main] - Root WebApplicationContext: initialization completed in 1555 ms
[TID: ] 2020-08-12 18:40:51.842 INFO  --- [DruidDataSourceAutoConfigure.java:56] [main] - Init DruidDataSource
[TID: ] 2020-08-12 18:40:52.173 INFO  --- [DruidDataSource.java:1010] [main] - {dataSource-1} inited
[TID: ] 2020-08-12 18:40:52.778 INFO  --- [ExecutorConfigurationSupport.java:181] [main] - Initializing ExecutorService 'applicationTaskExecutor'
[TID: ] 2020-08-12 18:40:52.831 INFO  --- [WelcomePageHandlerMapping.java:58] [main] - Adding welcome page template: index
[TID: ] 2020-08-12 18:40:53.101 INFO  --- [EndpointLinksResolver.java:58] [main] - Exposing 2 endpoint(s) beneath base path '/actuator'
[TID: ] 2020-08-12 18:40:53.175 INFO  --- [TomcatWebServer.java:203] [main] - Tomcat started on port(s): 8080 (http) with context path ''
[TID: ] 2020-08-12 18:40:53.178 INFO  --- [StartupInfoLogger.java:61] [main] - Started OneApplication in 3.328 seconds (JVM running for 4.292)
[TID: ] 2020-08-12 18:40:53.272 INFO  --- [FrameworkServlet.java:525] [RMI TCP Connection(2)-127.0.0.1] - Initializing Servlet 'dispatcherServlet'
[TID: ] 2020-08-12 18:40:53.280 INFO  --- [FrameworkServlet.java:547] [RMI TCP Connection(2)-127.0.0.1] - Completed initialization in 7 ms
[TID: ] 2020-08-12 18:40:53.442 WARN  --- [AbstractHealthIndicator.java:87] [RMI TCP Connection(1)-127.0.0.1] - Redis health check failed
org.springframework.data.redis.RedisConnectionFailureException: Cannot get Jedis connection; nested exception is redis.clients.jedis.exceptions.JedisConnectionException: Could not get a resource from the pool
	at org.springframework.data.redis.connection.jedis.JedisConnectionFactory.fetchJedisConnector(JedisConnectionFactory.java:282)
	at org.springframework.data.redis.connection.jedis.JedisConnectionFactory.getConnection(JedisConnectionFactory.java:476)
	at org.springframework.data.redis.core.RedisConnectionUtils.doGetConnection(RedisConnectionUtils.java:134)
	at org.springframework.data.redis.core.RedisConnectionUtils.getConnection(RedisConnectionUtils.java:97)
	at org.springframework.data.redis.core.RedisConnectionUtils.getConnection(RedisConnectionUtils.java:84)
	at org.springframework.boot.actuate.redis.RedisHealthIndicator.doHealthCheck(RedisHealthIndicator.java:55)
	at org.springframework.boot.actuate.health.AbstractHealthIndicator.health(AbstractHealthIndicator.java:82)
	at org.springframework.boot.actuate.health.HealthIndicator.getHealth(HealthIndicator.java:37)
	at org.springframework.boot.actuate.health.HealthEndpoint.getHealth(HealthEndpoint.java:81)
	at org.springframework.boot.actuate.health.HealthEndpoint.getHealth(HealthEndpoint.java:38)
	at org.springframework.boot.actuate.health.HealthEndpointSupport.getContribution(HealthEndpointSupport.java:108)
	at org.springframework.boot.actuate.health.HealthEndpointSupport.getAggregateHealth(HealthEndpointSupport.java:119)
	at org.springframework.boot.actuate.health.HealthEndpointSupport.getContribution(HealthEndpointSupport.java:105)
	at org.springframework.boot.actuate.health.HealthEndpointSupport.getHealth(HealthEndpointSupport.java:83)
	at org.springframework.boot.actuate.health.HealthEndpointSupport.getHealth(HealthEndpointSupport.java:70)
	at org.springframework.boot.actuate.health.HealthEndpoint.health(HealthEndpoint.java:75)
	at org.springframework.boot.actuate.health.HealthEndpoint.health(HealthEndpoint.java:65)
	at sun.reflect.NativeMethodAccessorImpl.invoke0(Native Method)
	at sun.reflect.NativeMethodAccessorImpl.invoke(NativeMethodAccessorImpl.java:62)
	at sun.reflect.DelegatingMethodAccessorImpl.invoke(DelegatingMethodAccessorImpl.java:43)
	at java.lang.reflect.Method.invoke(Method.java:498)
	at org.springframework.util.ReflectionUtils.invokeMethod(ReflectionUtils.java:282)
	at org.springframework.boot.actuate.endpoint.invoke.reflect.ReflectiveOperationInvoker.invoke(ReflectiveOperationInvoker.java:77)
	at org.springframework.boot.actuate.endpoint.annotation.AbstractDiscoveredOperation.invoke(AbstractDiscoveredOperation.java:60)
	at org.springframework.boot.actuate.endpoint.jmx.EndpointMBean.invoke(EndpointMBean.java:121)
	at org.springframework.boot.actuate.endpoint.jmx.EndpointMBean.invoke(EndpointMBean.java:96)
	at com.sun.jmx.interceptor.DefaultMBeanServerInterceptor.invoke(DefaultMBeanServerInterceptor.java:819)
	at com.sun.jmx.mbeanserver.JmxMBeanServer.invoke(JmxMBeanServer.java:801)
	at javax.management.remote.rmi.RMIConnectionImpl.doOperation(RMIConnectionImpl.java:1468)
	at javax.management.remote.rmi.RMIConnectionImpl.access$300(RMIConnectionImpl.java:76)
	at javax.management.remote.rmi.RMIConnectionImpl$PrivilegedOperation.run(RMIConnectionImpl.java:1309)
	at javax.management.remote.rmi.RMIConnectionImpl.doPrivilegedOperation(RMIConnectionImpl.java:1401)
	at javax.management.remote.rmi.RMIConnectionImpl.invoke(RMIConnectionImpl.java:829)
	at sun.reflect.GeneratedMethodAccessor49.invoke(Unknown Source)
	at sun.reflect.DelegatingMethodAccessorImpl.invoke(DelegatingMethodAccessorImpl.java:43)
	at java.lang.reflect.Method.invoke(Method.java:498)
	at sun.rmi.server.UnicastServerRef.dispatch(UnicastServerRef.java:357)
	at sun.rmi.transport.Transport$1.run(Transport.java:200)
	at sun.rmi.transport.Transport$1.run(Transport.java:197)
	at java.security.AccessController.doPrivileged(Native Method)
	at sun.rmi.transport.Transport.serviceCall(Transport.java:196)
	at sun.rmi.transport.tcp.TCPTransport.handleMessages(TCPTransport.java:573)
	at sun.rmi.transport.tcp.TCPTransport$ConnectionHandler.run0(TCPTransport.java:834)
	at sun.rmi.transport.tcp.TCPTransport$ConnectionHandler.lambda$run$0(TCPTransport.java:688)
	at java.security.AccessController.doPrivileged(Native Method)
	at sun.rmi.transport.tcp.TCPTransport$ConnectionHandler.run(TCPTransport.java:687)
	at java.util.concurrent.ThreadPoolExecutor.runWorker(ThreadPoolExecutor.java:1149)
	at java.util.concurrent.ThreadPoolExecutor$Worker.run(ThreadPoolExecutor.java:624)
	at java.lang.Thread.run(Thread.java:748)
Caused by: redis.clients.jedis.exceptions.JedisConnectionException: Could not get a resource from the pool
	at redis.clients.jedis.util.Pool.getResource(Pool.java:59)
	at redis.clients.jedis.JedisPool.getResource(JedisPool.java:234)
	at redis.clients.jedis.JedisPool.getResource(JedisPool.java:15)
	at org.springframework.data.redis.connection.jedis.JedisConnectionFactory.fetchJedisConnector(JedisConnectionFactory.java:272)
	... 48 common frames omitted
Caused by: redis.clients.jedis.exceptions.JedisConnectionException: Failed connecting to host localhost:6379
	at redis.clients.jedis.Connection.connect(Connection.java:204)
	at redis.clients.jedis.BinaryClient.connect(BinaryClient.java:100)
	at redis.clients.jedis.BinaryJedis.connect(BinaryJedis.java:1866)
	at redis.clients.jedis.JedisFactory.makeObject(JedisFactory.java:117)
	at org.apache.commons.pool2.impl.GenericObjectPool.create(GenericObjectPool.java:889)
	at org.apache.commons.pool2.impl.GenericObjectPool.borrowObject(GenericObjectPool.java:424)
	at org.apache.commons.pool2.impl.GenericObjectPool.borrowObject(GenericObjectPool.java:349)
	at redis.clients.jedis.util.Pool.getResource(Pool.java:50)
	... 51 common frames omitted
Caused by: java.net.ConnectException: Connection refused (Connection refused)
	at java.net.PlainSocketImpl.socketConnect(Native Method)
	at java.net.AbstractPlainSocketImpl.doConnect(AbstractPlainSocketImpl.java:350)
	at java.net.AbstractPlainSocketImpl.connectToAddress(AbstractPlainSocketImpl.java:206)
	at java.net.AbstractPlainSocketImpl.connect(AbstractPlainSocketImpl.java:188)
	at java.net.SocksSocketImpl.connect(SocksSocketImpl.java:392)
	at java.net.Socket.connect(Socket.java:589)
	at redis.clients.jedis.Connection.connect(Connection.java:181)
	... 58 common frames omitted
[TID: ] 2020-08-12 19:08:55.250 INFO  --- [ExecutorConfigurationSupport.java:218] [SpringContextShutdownHook] - Shutting down ExecutorService 'applicationTaskExecutor'
[TID: ] 2020-08-12 19:08:55.252 INFO  --- [DruidDataSource.java:2003] [SpringContextShutdownHook] - {dataSource-1} closing ...
[TID: ] 2020-08-12 19:08:55.267 INFO  --- [DruidDataSource.java:2075] [SpringContextShutdownHook] - {dataSource-1} closed
