[TID: ] 2020-08-21 09:57:14.660 INFO  --- [AbstractTestContextBootstrapper.java:308] [main] - Neither @ContextConfiguration nor @ContextHierarchy found for test class [com.example.one.RfidReaderTest], using SpringBootContextLoader
[TID: ] 2020-08-21 09:57:14.683 INFO  --- [AbstractContextLoader.java:264] [main] - Could not detect default resource locations for test class [com.example.one.RfidReaderTest]: no resource found for suffixes {-context.xml, Context.groovy}.
[TID: ] 2020-08-21 09:57:14.684 INFO  --- [AnnotationConfigContextLoaderUtils.java:83] [main] - Could not detect default configuration classes for test class [com.example.one.RfidReaderTest]: RfidReaderTest does not declare any static, non-private, non-final, nested classes annotated with @Configuration.
[TID: ] 2020-08-21 09:57:14.864 INFO  --- [SpringBootTestContextBootstrapper.java:237] [main] - Found @SpringBootConfiguration com.example.one.OneApplication for test class com.example.one.RfidReaderTest
[TID: ] 2020-08-21 09:57:15.007 INFO  --- [AbstractTestContextBootstrapper.java:248] [main] - Loaded default TestExecutionListener class names from location [META-INF/spring.factories]: [org.springframework.boot.test.mock.mockito.MockitoTestExecutionListener, org.springframework.boot.test.mock.mockito.ResetMocksTestExecutionListener, org.springframework.boot.test.autoconfigure.restdocs.RestDocsTestExecutionListener, org.springframework.boot.test.autoconfigure.web.client.MockRestServiceServerResetTestExecutionListener, org.springframework.boot.test.autoconfigure.web.servlet.MockMvcPrintOnlyOnFailureTestExecutionListener, org.springframework.boot.test.autoconfigure.web.servlet.WebDriverTestExecutionListener, org.springframework.test.context.web.ServletTestExecutionListener, org.springframework.test.context.support.DirtiesContextBeforeModesTestExecutionListener, org.springframework.test.context.support.DependencyInjectionTestExecutionListener, org.springframework.test.context.support.DirtiesContextTestExecutionListener, org.springframework.test.context.transaction.TransactionalTestExecutionListener, org.springframework.test.context.jdbc.SqlScriptsTestExecutionListener, org.springframework.test.context.event.EventPublishingTestExecutionListener]
[TID: ] 2020-08-21 09:57:15.023 INFO  --- [AbstractTestContextBootstrapper.java:177] [main] - Using TestExecutionListeners: [org.springframework.test.context.web.ServletTestExecutionListener@51bd8b5c, org.springframework.test.context.support.DirtiesContextBeforeModesTestExecutionListener@7b50df34, org.springframework.boot.test.mock.mockito.MockitoTestExecutionListener@1b410b60, org.springframework.boot.test.autoconfigure.SpringBootDependencyInjectionTestExecutionListener@2462cb01, org.springframework.test.context.support.DirtiesContextTestExecutionListener@19b843ba, org.springframework.test.context.transaction.TransactionalTestExecutionListener@64ec96c6, org.springframework.test.context.jdbc.SqlScriptsTestExecutionListener@77659b30, org.springframework.test.context.event.EventPublishingTestExecutionListener@456d6c1e, org.springframework.boot.test.mock.mockito.ResetMocksTestExecutionListener@1e13529a, org.springframework.boot.test.autoconfigure.restdocs.RestDocsTestExecutionListener@1ec9bd38, org.springframework.boot.test.autoconfigure.web.client.MockRestServiceServerResetTestExecutionListener@452e19ca, org.springframework.boot.test.autoconfigure.web.servlet.MockMvcPrintOnlyOnFailureTestExecutionListener@6b0d80ed, org.springframework.boot.test.autoconfigure.web.servlet.WebDriverTestExecutionListener@6f8e8894]
[TID: ] 2020-08-21 09:57:15.353 INFO  --- [StartupInfoLogger.java:55] [main] - Starting RfidReaderTest on cuiyaozhongdeMacBook-Pro.local with PID 2733 (started by cuiyaozhong in /Users/cuiyaozhong/software/ideapace/one)
[TID: ] 2020-08-21 09:57:15.354 DEBUG --- [StartupInfoLogger.java:56] [main] - Running with Spring Boot v2.2.7.RELEASE, Spring v5.2.6.RELEASE
[TID: ] 2020-08-21 09:57:15.355 INFO  --- [SpringApplication.java:651] [main] - No active profile set, falling back to default profiles: default
[TID: ] 2020-08-21 09:57:16.027 INFO  --- [RepositoryConfigurationDelegate.java:249] [main] - Multiple Spring Data modules found, entering strict repository configuration mode!
[TID: ] 2020-08-21 09:57:16.031 INFO  --- [RepositoryConfigurationDelegate.java:127] [main] - Bootstrapping Spring Data Redis repositories in DEFAULT mode.
[TID: ] 2020-08-21 09:57:16.068 INFO  --- [RepositoryConfigurationDelegate.java:187] [main] - Finished Spring Data repository scanning in 15ms. Found 0 Redis repository interfaces.
[TID: ] 2020-08-21 09:57:16.539 INFO  --- [PostProcessorRegistrationDelegate.java:335] [main] - Bean 'com.alibaba.druid.spring.boot.autoconfigure.stat.DruidSpringAopConfiguration' of type [com.alibaba.druid.spring.boot.autoconfigure.stat.DruidSpringAopConfiguration] is not eligible for getting processed by all BeanPostProcessors (for example: not eligible for auto-proxying)
[TID: ] 2020-08-21 09:57:16.764 INFO  --- [PostProcessorRegistrationDelegate.java:335] [main] - Bean 'spring.datasource.druid-com.alibaba.druid.spring.boot.autoconfigure.properties.DruidStatProperties' of type [com.alibaba.druid.spring.boot.autoconfigure.properties.DruidStatProperties] is not eligible for getting processed by all BeanPostProcessors (for example: not eligible for auto-proxying)
[TID: ] 2020-08-21 09:57:16.774 INFO  --- [PostProcessorRegistrationDelegate.java:335] [main] - Bean 'advisor' of type [org.springframework.aop.support.RegexpMethodPointcutAdvisor] is not eligible for getting processed by all BeanPostProcessors (for example: not eligible for auto-proxying)
[TID: ] 2020-08-21 09:57:16.860 INFO  --- [DruidDataSourceAutoConfigure.java:56] [main] - Init DruidDataSource
[TID: ] 2020-08-21 09:57:17.384 INFO  --- [DruidDataSource.java:1010] [main] - {dataSource-1} inited
[TID: ] 2020-08-21 09:57:18.241 INFO  --- [ExecutorConfigurationSupport.java:181] [main] - Initializing ExecutorService 'applicationTaskExecutor'
[TID: ] 2020-08-21 09:57:18.346 INFO  --- [WelcomePageHandlerMapping.java:58] [main] - Adding welcome page template: index
[TID: ] 2020-08-21 09:57:18.715 INFO  --- [StartupInfoLogger.java:61] [main] - Started RfidReaderTest in 3.645 seconds (JVM running for 5.387)
[TID: ] 2020-08-21 09:57:28.156 INFO  --- [ExecutorConfigurationSupport.java:218] [SpringContextShutdownHook] - Shutting down ExecutorService 'applicationTaskExecutor'
[TID: ] 2020-08-21 09:57:28.158 INFO  --- [DruidDataSource.java:2003] [SpringContextShutdownHook] - {dataSource-1} closing ...
[TID: ] 2020-08-21 09:57:28.174 INFO  --- [DruidDataSource.java:2075] [SpringContextShutdownHook] - {dataSource-1} closed
[TID: ] 2020-08-21 10:00:07.446 INFO  --- [AbstractTestContextBootstrapper.java:308] [main] - Neither @ContextConfiguration nor @ContextHierarchy found for test class [com.example.one.RfidReaderTest], using SpringBootContextLoader
[TID: ] 2020-08-21 10:00:07.452 INFO  --- [AbstractContextLoader.java:264] [main] - Could not detect default resource locations for test class [com.example.one.RfidReaderTest]: no resource found for suffixes {-context.xml, Context.groovy}.
[TID: ] 2020-08-21 10:00:07.453 INFO  --- [AnnotationConfigContextLoaderUtils.java:83] [main] - Could not detect default configuration classes for test class [com.example.one.RfidReaderTest]: RfidReaderTest does not declare any static, non-private, non-final, nested classes annotated with @Configuration.
[TID: ] 2020-08-21 10:00:07.570 INFO  --- [SpringBootTestContextBootstrapper.java:237] [main] - Found @SpringBootConfiguration com.example.one.OneApplication for test class com.example.one.RfidReaderTest
[TID: ] 2020-08-21 10:00:07.645 INFO  --- [AbstractTestContextBootstrapper.java:248] [main] - Loaded default TestExecutionListener class names from location [META-INF/spring.factories]: [org.springframework.boot.test.mock.mockito.MockitoTestExecutionListener, org.springframework.boot.test.mock.mockito.ResetMocksTestExecutionListener, org.springframework.boot.test.autoconfigure.restdocs.RestDocsTestExecutionListener, org.springframework.boot.test.autoconfigure.web.client.MockRestServiceServerResetTestExecutionListener, org.springframework.boot.test.autoconfigure.web.servlet.MockMvcPrintOnlyOnFailureTestExecutionListener, org.springframework.boot.test.autoconfigure.web.servlet.WebDriverTestExecutionListener, org.springframework.test.context.web.ServletTestExecutionListener, org.springframework.test.context.support.DirtiesContextBeforeModesTestExecutionListener, org.springframework.test.context.support.DependencyInjectionTestExecutionListener, org.springframework.test.context.support.DirtiesContextTestExecutionListener, org.springframework.test.context.transaction.TransactionalTestExecutionListener, org.springframework.test.context.jdbc.SqlScriptsTestExecutionListener, org.springframework.test.context.event.EventPublishingTestExecutionListener]
[TID: ] 2020-08-21 10:00:07.666 INFO  --- [AbstractTestContextBootstrapper.java:177] [main] - Using TestExecutionListeners: [org.springframework.test.context.web.ServletTestExecutionListener@51bd8b5c, org.springframework.test.context.support.DirtiesContextBeforeModesTestExecutionListener@7b50df34, org.springframework.boot.test.mock.mockito.MockitoTestExecutionListener@1b410b60, org.springframework.boot.test.autoconfigure.SpringBootDependencyInjectionTestExecutionListener@2462cb01, org.springframework.test.context.support.DirtiesContextTestExecutionListener@19b843ba, org.springframework.test.context.transaction.TransactionalTestExecutionListener@64ec96c6, org.springframework.test.context.jdbc.SqlScriptsTestExecutionListener@77659b30, org.springframework.test.context.event.EventPublishingTestExecutionListener@456d6c1e, org.springframework.boot.test.mock.mockito.ResetMocksTestExecutionListener@1e13529a, org.springframework.boot.test.autoconfigure.restdocs.RestDocsTestExecutionListener@1ec9bd38, org.springframework.boot.test.autoconfigure.web.client.MockRestServiceServerResetTestExecutionListener@452e19ca, org.springframework.boot.test.autoconfigure.web.servlet.MockMvcPrintOnlyOnFailureTestExecutionListener@6b0d80ed, org.springframework.boot.test.autoconfigure.web.servlet.WebDriverTestExecutionListener@6f8e8894]
[TID: ] 2020-08-21 10:00:08.033 INFO  --- [StartupInfoLogger.java:55] [main] - Starting RfidReaderTest on cuiyaozhongdeMacBook-Pro.local with PID 2752 (started by cuiyaozhong in /Users/cuiyaozhong/software/ideapace/one)
[TID: ] 2020-08-21 10:00:08.034 DEBUG --- [StartupInfoLogger.java:56] [main] - Running with Spring Boot v2.2.7.RELEASE, Spring v5.2.6.RELEASE
[TID: ] 2020-08-21 10:00:08.035 INFO  --- [SpringApplication.java:651] [main] - No active profile set, falling back to default profiles: default
[TID: ] 2020-08-21 10:00:08.760 INFO  --- [RepositoryConfigurationDelegate.java:249] [main] - Multiple Spring Data modules found, entering strict repository configuration mode!
[TID: ] 2020-08-21 10:00:08.763 INFO  --- [RepositoryConfigurationDelegate.java:127] [main] - Bootstrapping Spring Data Redis repositories in DEFAULT mode.
[TID: ] 2020-08-21 10:00:08.798 INFO  --- [RepositoryConfigurationDelegate.java:187] [main] - Finished Spring Data repository scanning in 17ms. Found 0 Redis repository interfaces.
[TID: ] 2020-08-21 10:00:09.203 INFO  --- [PostProcessorRegistrationDelegate.java:335] [main] - Bean 'com.alibaba.druid.spring.boot.autoconfigure.stat.DruidSpringAopConfiguration' of type [com.alibaba.druid.spring.boot.autoconfigure.stat.DruidSpringAopConfiguration] is not eligible for getting processed by all BeanPostProcessors (for example: not eligible for auto-proxying)
[TID: ] 2020-08-21 10:00:09.385 INFO  --- [PostProcessorRegistrationDelegate.java:335] [main] - Bean 'spring.datasource.druid-com.alibaba.druid.spring.boot.autoconfigure.properties.DruidStatProperties' of type [com.alibaba.druid.spring.boot.autoconfigure.properties.DruidStatProperties] is not eligible for getting processed by all BeanPostProcessors (for example: not eligible for auto-proxying)
[TID: ] 2020-08-21 10:00:09.394 INFO  --- [PostProcessorRegistrationDelegate.java:335] [main] - Bean 'advisor' of type [org.springframework.aop.support.RegexpMethodPointcutAdvisor] is not eligible for getting processed by all BeanPostProcessors (for example: not eligible for auto-proxying)
[TID: ] 2020-08-21 10:00:09.485 INFO  --- [DruidDataSourceAutoConfigure.java:56] [main] - Init DruidDataSource
[TID: ] 2020-08-21 10:00:09.937 INFO  --- [DruidDataSource.java:1010] [main] - {dataSource-1} inited
[TID: ] 2020-08-21 10:00:10.686 INFO  --- [ExecutorConfigurationSupport.java:181] [main] - Initializing ExecutorService 'applicationTaskExecutor'
[TID: ] 2020-08-21 10:00:10.777 INFO  --- [WelcomePageHandlerMapping.java:58] [main] - Adding welcome page template: index
[TID: ] 2020-08-21 10:00:11.146 INFO  --- [StartupInfoLogger.java:61] [main] - Started RfidReaderTest in 3.439 seconds (JVM running for 4.48)
[TID: ] 2020-08-21 10:00:20.542 INFO  --- [ExecutorConfigurationSupport.java:218] [SpringContextShutdownHook] - Shutting down ExecutorService 'applicationTaskExecutor'
[TID: ] 2020-08-21 10:00:20.544 INFO  --- [DruidDataSource.java:2003] [SpringContextShutdownHook] - {dataSource-1} closing ...
[TID: ] 2020-08-21 10:00:20.554 INFO  --- [DruidDataSource.java:2075] [SpringContextShutdownHook] - {dataSource-1} closed
[TID: ] 2020-08-21 10:24:44.746 INFO  --- [AbstractTestContextBootstrapper.java:308] [main] - Neither @ContextConfiguration nor @ContextHierarchy found for test class [com.example.one.RfidReaderTest], using SpringBootContextLoader
[TID: ] 2020-08-21 10:24:44.756 INFO  --- [AbstractContextLoader.java:264] [main] - Could not detect default resource locations for test class [com.example.one.RfidReaderTest]: no resource found for suffixes {-context.xml, Context.groovy}.
[TID: ] 2020-08-21 10:24:44.757 INFO  --- [AnnotationConfigContextLoaderUtils.java:83] [main] - Could not detect default configuration classes for test class [com.example.one.RfidReaderTest]: RfidReaderTest does not declare any static, non-private, non-final, nested classes annotated with @Configuration.
[TID: ] 2020-08-21 10:24:44.922 INFO  --- [SpringBootTestContextBootstrapper.java:237] [main] - Found @SpringBootConfiguration com.example.one.OneApplication for test class com.example.one.RfidReaderTest
[TID: ] 2020-08-21 10:24:45.050 INFO  --- [AbstractTestContextBootstrapper.java:248] [main] - Loaded default TestExecutionListener class names from location [META-INF/spring.factories]: [org.springframework.boot.test.mock.mockito.MockitoTestExecutionListener, org.springframework.boot.test.mock.mockito.ResetMocksTestExecutionListener, org.springframework.boot.test.autoconfigure.restdocs.RestDocsTestExecutionListener, org.springframework.boot.test.autoconfigure.web.client.MockRestServiceServerResetTestExecutionListener, org.springframework.boot.test.autoconfigure.web.servlet.MockMvcPrintOnlyOnFailureTestExecutionListener, org.springframework.boot.test.autoconfigure.web.servlet.WebDriverTestExecutionListener, org.springframework.test.context.web.ServletTestExecutionListener, org.springframework.test.context.support.DirtiesContextBeforeModesTestExecutionListener, org.springframework.test.context.support.DependencyInjectionTestExecutionListener, org.springframework.test.context.support.DirtiesContextTestExecutionListener, org.springframework.test.context.transaction.TransactionalTestExecutionListener, org.springframework.test.context.jdbc.SqlScriptsTestExecutionListener, org.springframework.test.context.event.EventPublishingTestExecutionListener]
[TID: ] 2020-08-21 10:24:45.076 INFO  --- [AbstractTestContextBootstrapper.java:177] [main] - Using TestExecutionListeners: [org.springframework.test.context.web.ServletTestExecutionListener@51bd8b5c, org.springframework.test.context.support.DirtiesContextBeforeModesTestExecutionListener@7b50df34, org.springframework.boot.test.mock.mockito.MockitoTestExecutionListener@1b410b60, org.springframework.boot.test.autoconfigure.SpringBootDependencyInjectionTestExecutionListener@2462cb01, org.springframework.test.context.support.DirtiesContextTestExecutionListener@19b843ba, org.springframework.test.context.transaction.TransactionalTestExecutionListener@64ec96c6, org.springframework.test.context.jdbc.SqlScriptsTestExecutionListener@77659b30, org.springframework.test.context.event.EventPublishingTestExecutionListener@456d6c1e, org.springframework.boot.test.mock.mockito.ResetMocksTestExecutionListener@1e13529a, org.springframework.boot.test.autoconfigure.restdocs.RestDocsTestExecutionListener@1ec9bd38, org.springframework.boot.test.autoconfigure.web.client.MockRestServiceServerResetTestExecutionListener@452e19ca, org.springframework.boot.test.autoconfigure.web.servlet.MockMvcPrintOnlyOnFailureTestExecutionListener@6b0d80ed, org.springframework.boot.test.autoconfigure.web.servlet.WebDriverTestExecutionListener@6f8e8894]
[TID: ] 2020-08-21 10:24:45.463 INFO  --- [StartupInfoLogger.java:55] [main] - Starting RfidReaderTest on cuiyaozhongdeMacBook-Pro.local with PID 2908 (started by cuiyaozhong in /Users/cuiyaozhong/software/ideapace/one)
[TID: ] 2020-08-21 10:24:45.463 DEBUG --- [StartupInfoLogger.java:56] [main] - Running with Spring Boot v2.2.7.RELEASE, Spring v5.2.6.RELEASE
[TID: ] 2020-08-21 10:24:45.464 INFO  --- [SpringApplication.java:651] [main] - No active profile set, falling back to default profiles: default
[TID: ] 2020-08-21 10:24:46.272 INFO  --- [RepositoryConfigurationDelegate.java:249] [main] - Multiple Spring Data modules found, entering strict repository configuration mode!
[TID: ] 2020-08-21 10:24:46.276 INFO  --- [RepositoryConfigurationDelegate.java:127] [main] - Bootstrapping Spring Data Redis repositories in DEFAULT mode.
[TID: ] 2020-08-21 10:24:46.313 INFO  --- [RepositoryConfigurationDelegate.java:187] [main] - Finished Spring Data repository scanning in 17ms. Found 0 Redis repository interfaces.
[TID: ] 2020-08-21 10:24:46.755 INFO  --- [PostProcessorRegistrationDelegate.java:335] [main] - Bean 'com.alibaba.druid.spring.boot.autoconfigure.stat.DruidSpringAopConfiguration' of type [com.alibaba.druid.spring.boot.autoconfigure.stat.DruidSpringAopConfiguration] is not eligible for getting processed by all BeanPostProcessors (for example: not eligible for auto-proxying)
[TID: ] 2020-08-21 10:24:46.993 INFO  --- [PostProcessorRegistrationDelegate.java:335] [main] - Bean 'spring.datasource.druid-com.alibaba.druid.spring.boot.autoconfigure.properties.DruidStatProperties' of type [com.alibaba.druid.spring.boot.autoconfigure.properties.DruidStatProperties] is not eligible for getting processed by all BeanPostProcessors (for example: not eligible for auto-proxying)
[TID: ] 2020-08-21 10:24:47.010 INFO  --- [PostProcessorRegistrationDelegate.java:335] [main] - Bean 'advisor' of type [org.springframework.aop.support.RegexpMethodPointcutAdvisor] is not eligible for getting processed by all BeanPostProcessors (for example: not eligible for auto-proxying)
[TID: ] 2020-08-21 10:24:47.112 INFO  --- [DruidDataSourceAutoConfigure.java:56] [main] - Init DruidDataSource
[TID: ] 2020-08-21 10:24:47.611 INFO  --- [DruidDataSource.java:1010] [main] - {dataSource-1} inited
[TID: ] 2020-08-21 10:24:48.482 INFO  --- [ExecutorConfigurationSupport.java:181] [main] - Initializing ExecutorService 'applicationTaskExecutor'
[TID: ] 2020-08-21 10:24:48.575 INFO  --- [WelcomePageHandlerMapping.java:58] [main] - Adding welcome page template: index
[TID: ] 2020-08-21 10:24:48.941 INFO  --- [StartupInfoLogger.java:61] [main] - Started RfidReaderTest in 3.809 seconds (JVM running for 5.116)
[TID: ] 2020-08-21 10:24:58.368 INFO  --- [ExecutorConfigurationSupport.java:218] [SpringContextShutdownHook] - Shutting down ExecutorService 'applicationTaskExecutor'
[TID: ] 2020-08-21 10:24:58.371 INFO  --- [DruidDataSource.java:2003] [SpringContextShutdownHook] - {dataSource-1} closing ...
[TID: ] 2020-08-21 10:24:58.384 INFO  --- [DruidDataSource.java:2075] [SpringContextShutdownHook] - {dataSource-1} closed
[TID: ] 2020-08-21 10:28:34.596 INFO  --- [AbstractTestContextBootstrapper.java:308] [main] - Neither @ContextConfiguration nor @ContextHierarchy found for test class [com.example.one.RfidReaderTest], using SpringBootContextLoader
[TID: ] 2020-08-21 10:28:34.609 INFO  --- [AbstractContextLoader.java:264] [main] - Could not detect default resource locations for test class [com.example.one.RfidReaderTest]: no resource found for suffixes {-context.xml, Context.groovy}.
[TID: ] 2020-08-21 10:28:34.611 INFO  --- [AnnotationConfigContextLoaderUtils.java:83] [main] - Could not detect default configuration classes for test class [com.example.one.RfidReaderTest]: RfidReaderTest does not declare any static, non-private, non-final, nested classes annotated with @Configuration.
[TID: ] 2020-08-21 10:28:34.748 INFO  --- [SpringBootTestContextBootstrapper.java:237] [main] - Found @SpringBootConfiguration com.example.one.OneApplication for test class com.example.one.RfidReaderTest
[TID: ] 2020-08-21 10:28:34.857 INFO  --- [AbstractTestContextBootstrapper.java:248] [main] - Loaded default TestExecutionListener class names from location [META-INF/spring.factories]: [org.springframework.boot.test.mock.mockito.MockitoTestExecutionListener, org.springframework.boot.test.mock.mockito.ResetMocksTestExecutionListener, org.springframework.boot.test.autoconfigure.restdocs.RestDocsTestExecutionListener, org.springframework.boot.test.autoconfigure.web.client.MockRestServiceServerResetTestExecutionListener, org.springframework.boot.test.autoconfigure.web.servlet.MockMvcPrintOnlyOnFailureTestExecutionListener, org.springframework.boot.test.autoconfigure.web.servlet.WebDriverTestExecutionListener, org.springframework.test.context.web.ServletTestExecutionListener, org.springframework.test.context.support.DirtiesContextBeforeModesTestExecutionListener, org.springframework.test.context.support.DependencyInjectionTestExecutionListener, org.springframework.test.context.support.DirtiesContextTestExecutionListener, org.springframework.test.context.transaction.TransactionalTestExecutionListener, org.springframework.test.context.jdbc.SqlScriptsTestExecutionListener, org.springframework.test.context.event.EventPublishingTestExecutionListener]
[TID: ] 2020-08-21 10:28:34.880 INFO  --- [AbstractTestContextBootstrapper.java:177] [main] - Using TestExecutionListeners: [org.springframework.test.context.web.ServletTestExecutionListener@669513d8, org.springframework.test.context.support.DirtiesContextBeforeModesTestExecutionListener@3a1d593e, org.springframework.boot.test.mock.mockito.MockitoTestExecutionListener@4a8a60bc, org.springframework.boot.test.autoconfigure.SpringBootDependencyInjectionTestExecutionListener@361c294e, org.springframework.test.context.support.DirtiesContextTestExecutionListener@7859e786, org.springframework.test.context.transaction.TransactionalTestExecutionListener@285d851a, org.springframework.test.context.jdbc.SqlScriptsTestExecutionListener@314b8f2d, org.springframework.test.context.event.EventPublishingTestExecutionListener@664a9613, org.springframework.boot.test.mock.mockito.ResetMocksTestExecutionListener@5118388b, org.springframework.boot.test.autoconfigure.restdocs.RestDocsTestExecutionListener@15a902e7, org.springframework.boot.test.autoconfigure.web.client.MockRestServiceServerResetTestExecutionListener@7876d598, org.springframework.boot.test.autoconfigure.web.servlet.MockMvcPrintOnlyOnFailureTestExecutionListener@4a3e3e8b, org.springframework.boot.test.autoconfigure.web.servlet.WebDriverTestExecutionListener@5af28b27]
[TID: ] 2020-08-21 10:28:35.224 INFO  --- [StartupInfoLogger.java:55] [main] - Starting RfidReaderTest on cuiyaozhongdeMacBook-Pro.local with PID 2916 (started by cuiyaozhong in /Users/cuiyaozhong/software/ideapace/one)
[TID: ] 2020-08-21 10:28:35.225 DEBUG --- [StartupInfoLogger.java:56] [main] - Running with Spring Boot v2.2.7.RELEASE, Spring v5.2.6.RELEASE
[TID: ] 2020-08-21 10:28:35.225 INFO  --- [SpringApplication.java:651] [main] - No active profile set, falling back to default profiles: default
[TID: ] 2020-08-21 10:28:35.896 INFO  --- [RepositoryConfigurationDelegate.java:249] [main] - Multiple Spring Data modules found, entering strict repository configuration mode!
[TID: ] 2020-08-21 10:28:35.900 INFO  --- [RepositoryConfigurationDelegate.java:127] [main] - Bootstrapping Spring Data Redis repositories in DEFAULT mode.
[TID: ] 2020-08-21 10:28:35.949 INFO  --- [RepositoryConfigurationDelegate.java:187] [main] - Finished Spring Data repository scanning in 18ms. Found 0 Redis repository interfaces.
[TID: ] 2020-08-21 10:28:36.375 INFO  --- [PostProcessorRegistrationDelegate.java:335] [main] - Bean 'com.alibaba.druid.spring.boot.autoconfigure.stat.DruidSpringAopConfiguration' of type [com.alibaba.druid.spring.boot.autoconfigure.stat.DruidSpringAopConfiguration] is not eligible for getting processed by all BeanPostProcessors (for example: not eligible for auto-proxying)
[TID: ] 2020-08-21 10:28:36.605 INFO  --- [PostProcessorRegistrationDelegate.java:335] [main] - Bean 'spring.datasource.druid-com.alibaba.druid.spring.boot.autoconfigure.properties.DruidStatProperties' of type [com.alibaba.druid.spring.boot.autoconfigure.properties.DruidStatProperties] is not eligible for getting processed by all BeanPostProcessors (for example: not eligible for auto-proxying)
[TID: ] 2020-08-21 10:28:36.615 INFO  --- [PostProcessorRegistrationDelegate.java:335] [main] - Bean 'advisor' of type [org.springframework.aop.support.RegexpMethodPointcutAdvisor] is not eligible for getting processed by all BeanPostProcessors (for example: not eligible for auto-proxying)
[TID: ] 2020-08-21 10:28:36.718 INFO  --- [DruidDataSourceAutoConfigure.java:56] [main] - Init DruidDataSource
[TID: ] 2020-08-21 10:28:37.208 INFO  --- [DruidDataSource.java:1010] [main] - {dataSource-1} inited
[TID: ] 2020-08-21 10:28:38.060 INFO  --- [ExecutorConfigurationSupport.java:181] [main] - Initializing ExecutorService 'applicationTaskExecutor'
[TID: ] 2020-08-21 10:28:38.162 INFO  --- [WelcomePageHandlerMapping.java:58] [main] - Adding welcome page template: index
[TID: ] 2020-08-21 10:28:38.611 INFO  --- [StartupInfoLogger.java:61] [main] - Started RfidReaderTest in 3.687 seconds (JVM running for 6.04)
[TID: ] 2020-08-21 10:28:48.047 INFO  --- [ExecutorConfigurationSupport.java:218] [SpringContextShutdownHook] - Shutting down ExecutorService 'applicationTaskExecutor'
[TID: ] 2020-08-21 10:28:48.049 INFO  --- [DruidDataSource.java:2003] [SpringContextShutdownHook] - {dataSource-1} closing ...
[TID: ] 2020-08-21 10:28:48.066 INFO  --- [DruidDataSource.java:2075] [SpringContextShutdownHook] - {dataSource-1} closed
[TID: ] 2020-08-21 10:30:15.391 INFO  --- [AbstractTestContextBootstrapper.java:308] [main] - Neither @ContextConfiguration nor @ContextHierarchy found for test class [com.example.one.RfidReaderTest], using SpringBootContextLoader
[TID: ] 2020-08-21 10:30:15.399 INFO  --- [AbstractContextLoader.java:264] [main] - Could not detect default resource locations for test class [com.example.one.RfidReaderTest]: no resource found for suffixes {-context.xml, Context.groovy}.
[TID: ] 2020-08-21 10:30:15.400 INFO  --- [AnnotationConfigContextLoaderUtils.java:83] [main] - Could not detect default configuration classes for test class [com.example.one.RfidReaderTest]: RfidReaderTest does not declare any static, non-private, non-final, nested classes annotated with @Configuration.
[TID: ] 2020-08-21 10:30:15.552 INFO  --- [SpringBootTestContextBootstrapper.java:237] [main] - Found @SpringBootConfiguration com.example.one.OneApplication for test class com.example.one.RfidReaderTest
[TID: ] 2020-08-21 10:30:15.673 INFO  --- [AbstractTestContextBootstrapper.java:248] [main] - Loaded default TestExecutionListener class names from location [META-INF/spring.factories]: [org.springframework.boot.test.mock.mockito.MockitoTestExecutionListener, org.springframework.boot.test.mock.mockito.ResetMocksTestExecutionListener, org.springframework.boot.test.autoconfigure.restdocs.RestDocsTestExecutionListener, org.springframework.boot.test.autoconfigure.web.client.MockRestServiceServerResetTestExecutionListener, org.springframework.boot.test.autoconfigure.web.servlet.MockMvcPrintOnlyOnFailureTestExecutionListener, org.springframework.boot.test.autoconfigure.web.servlet.WebDriverTestExecutionListener, org.springframework.test.context.web.ServletTestExecutionListener, org.springframework.test.context.support.DirtiesContextBeforeModesTestExecutionListener, org.springframework.test.context.support.DependencyInjectionTestExecutionListener, org.springframework.test.context.support.DirtiesContextTestExecutionListener, org.springframework.test.context.transaction.TransactionalTestExecutionListener, org.springframework.test.context.jdbc.SqlScriptsTestExecutionListener, org.springframework.test.context.event.EventPublishingTestExecutionListener]
[TID: ] 2020-08-21 10:30:15.699 INFO  --- [AbstractTestContextBootstrapper.java:177] [main] - Using TestExecutionListeners: [org.springframework.test.context.web.ServletTestExecutionListener@669513d8, org.springframework.test.context.support.DirtiesContextBeforeModesTestExecutionListener@3a1d593e, org.springframework.boot.test.mock.mockito.MockitoTestExecutionListener@4a8a60bc, org.springframework.boot.test.autoconfigure.SpringBootDependencyInjectionTestExecutionListener@361c294e, org.springframework.test.context.support.DirtiesContextTestExecutionListener@7859e786, org.springframework.test.context.transaction.TransactionalTestExecutionListener@285d851a, org.springframework.test.context.jdbc.SqlScriptsTestExecutionListener@314b8f2d, org.springframework.test.context.event.EventPublishingTestExecutionListener@664a9613, org.springframework.boot.test.mock.mockito.ResetMocksTestExecutionListener@5118388b, org.springframework.boot.test.autoconfigure.restdocs.RestDocsTestExecutionListener@15a902e7, org.springframework.boot.test.autoconfigure.web.client.MockRestServiceServerResetTestExecutionListener@7876d598, org.springframework.boot.test.autoconfigure.web.servlet.MockMvcPrintOnlyOnFailureTestExecutionListener@4a3e3e8b, org.springframework.boot.test.autoconfigure.web.servlet.WebDriverTestExecutionListener@5af28b27]
[TID: ] 2020-08-21 10:30:16.073 INFO  --- [StartupInfoLogger.java:55] [main] - Starting RfidReaderTest on cuiyaozhongdeMacBook-Pro.local with PID 2920 (started by cuiyaozhong in /Users/cuiyaozhong/software/ideapace/one)
[TID: ] 2020-08-21 10:30:16.074 DEBUG --- [StartupInfoLogger.java:56] [main] - Running with Spring Boot v2.2.7.RELEASE, Spring v5.2.6.RELEASE
[TID: ] 2020-08-21 10:30:16.074 INFO  --- [SpringApplication.java:651] [main] - No active profile set, falling back to default profiles: default
[TID: ] 2020-08-21 10:30:16.818 INFO  --- [RepositoryConfigurationDelegate.java:249] [main] - Multiple Spring Data modules found, entering strict repository configuration mode!
[TID: ] 2020-08-21 10:30:16.821 INFO  --- [RepositoryConfigurationDelegate.java:127] [main] - Bootstrapping Spring Data Redis repositories in DEFAULT mode.
[TID: ] 2020-08-21 10:30:16.855 INFO  --- [RepositoryConfigurationDelegate.java:187] [main] - Finished Spring Data repository scanning in 17ms. Found 0 Redis repository interfaces.
[TID: ] 2020-08-21 10:30:17.291 INFO  --- [PostProcessorRegistrationDelegate.java:335] [main] - Bean 'com.alibaba.druid.spring.boot.autoconfigure.stat.DruidSpringAopConfiguration' of type [com.alibaba.druid.spring.boot.autoconfigure.stat.DruidSpringAopConfiguration] is not eligible for getting processed by all BeanPostProcessors (for example: not eligible for auto-proxying)
[TID: ] 2020-08-21 10:30:17.529 INFO  --- [PostProcessorRegistrationDelegate.java:335] [main] - Bean 'spring.datasource.druid-com.alibaba.druid.spring.boot.autoconfigure.properties.DruidStatProperties' of type [com.alibaba.druid.spring.boot.autoconfigure.properties.DruidStatProperties] is not eligible for getting processed by all BeanPostProcessors (for example: not eligible for auto-proxying)
[TID: ] 2020-08-21 10:30:17.544 INFO  --- [PostProcessorRegistrationDelegate.java:335] [main] - Bean 'advisor' of type [org.springframework.aop.support.RegexpMethodPointcutAdvisor] is not eligible for getting processed by all BeanPostProcessors (for example: not eligible for auto-proxying)
[TID: ] 2020-08-21 10:30:17.653 INFO  --- [DruidDataSourceAutoConfigure.java:56] [main] - Init DruidDataSource
[TID: ] 2020-08-21 10:30:18.153 INFO  --- [DruidDataSource.java:1010] [main] - {dataSource-1} inited
[TID: ] 2020-08-21 10:30:18.986 INFO  --- [ExecutorConfigurationSupport.java:181] [main] - Initializing ExecutorService 'applicationTaskExecutor'
[TID: ] 2020-08-21 10:30:19.095 INFO  --- [WelcomePageHandlerMapping.java:58] [main] - Adding welcome page template: index
[TID: ] 2020-08-21 10:30:19.549 INFO  --- [StartupInfoLogger.java:61] [main] - Started RfidReaderTest in 3.806 seconds (JVM running for 5.319)
[TID: ] 2020-08-21 10:40:17.735 INFO  --- [ExecutorConfigurationSupport.java:218] [SpringContextShutdownHook] - Shutting down ExecutorService 'applicationTaskExecutor'
[TID: ] 2020-08-21 10:40:17.737 INFO  --- [DruidDataSource.java:2003] [SpringContextShutdownHook] - {dataSource-1} closing ...
[TID: ] 2020-08-21 10:40:17.748 INFO  --- [DruidDataSource.java:2075] [SpringContextShutdownHook] - {dataSource-1} closed
[TID: ] 2020-08-21 10:40:34.068 INFO  --- [AbstractTestContextBootstrapper.java:308] [main] - Neither @ContextConfiguration nor @ContextHierarchy found for test class [com.example.one.RfidReaderTest], using SpringBootContextLoader
[TID: ] 2020-08-21 10:40:34.079 INFO  --- [AbstractContextLoader.java:264] [main] - Could not detect default resource locations for test class [com.example.one.RfidReaderTest]: no resource found for suffixes {-context.xml, Context.groovy}.
[TID: ] 2020-08-21 10:40:34.081 INFO  --- [AnnotationConfigContextLoaderUtils.java:83] [main] - Could not detect default configuration classes for test class [com.example.one.RfidReaderTest]: RfidReaderTest does not declare any static, non-private, non-final, nested classes annotated with @Configuration.
[TID: ] 2020-08-21 10:40:34.251 INFO  --- [SpringBootTestContextBootstrapper.java:237] [main] - Found @SpringBootConfiguration com.example.one.OneApplication for test class com.example.one.RfidReaderTest
[TID: ] 2020-08-21 10:40:34.378 INFO  --- [AbstractTestContextBootstrapper.java:248] [main] - Loaded default TestExecutionListener class names from location [META-INF/spring.factories]: [org.springframework.boot.test.mock.mockito.MockitoTestExecutionListener, org.springframework.boot.test.mock.mockito.ResetMocksTestExecutionListener, org.springframework.boot.test.autoconfigure.restdocs.RestDocsTestExecutionListener, org.springframework.boot.test.autoconfigure.web.client.MockRestServiceServerResetTestExecutionListener, org.springframework.boot.test.autoconfigure.web.servlet.MockMvcPrintOnlyOnFailureTestExecutionListener, org.springframework.boot.test.autoconfigure.web.servlet.WebDriverTestExecutionListener, org.springframework.test.context.web.ServletTestExecutionListener, org.springframework.test.context.support.DirtiesContextBeforeModesTestExecutionListener, org.springframework.test.context.support.DependencyInjectionTestExecutionListener, org.springframework.test.context.support.DirtiesContextTestExecutionListener, org.springframework.test.context.transaction.TransactionalTestExecutionListener, org.springframework.test.context.jdbc.SqlScriptsTestExecutionListener, org.springframework.test.context.event.EventPublishingTestExecutionListener]
[TID: ] 2020-08-21 10:40:34.399 INFO  --- [AbstractTestContextBootstrapper.java:177] [main] - Using TestExecutionListeners: [org.springframework.test.context.web.ServletTestExecutionListener@669513d8, org.springframework.test.context.support.DirtiesContextBeforeModesTestExecutionListener@3a1d593e, org.springframework.boot.test.mock.mockito.MockitoTestExecutionListener@4a8a60bc, org.springframework.boot.test.autoconfigure.SpringBootDependencyInjectionTestExecutionListener@361c294e, org.springframework.test.context.support.DirtiesContextTestExecutionListener@7859e786, org.springframework.test.context.transaction.TransactionalTestExecutionListener@285d851a, org.springframework.test.context.jdbc.SqlScriptsTestExecutionListener@314b8f2d, org.springframework.test.context.event.EventPublishingTestExecutionListener@664a9613, org.springframework.boot.test.mock.mockito.ResetMocksTestExecutionListener@5118388b, org.springframework.boot.test.autoconfigure.restdocs.RestDocsTestExecutionListener@15a902e7, org.springframework.boot.test.autoconfigure.web.client.MockRestServiceServerResetTestExecutionListener@7876d598, org.springframework.boot.test.autoconfigure.web.servlet.MockMvcPrintOnlyOnFailureTestExecutionListener@4a3e3e8b, org.springframework.boot.test.autoconfigure.web.servlet.WebDriverTestExecutionListener@5af28b27]
[TID: ] 2020-08-21 10:40:34.822 INFO  --- [StartupInfoLogger.java:55] [main] - Starting RfidReaderTest on cuiyaozhongdeMacBook-Pro.local with PID 2952 (started by cuiyaozhong in /Users/cuiyaozhong/software/ideapace/one)
[TID: ] 2020-08-21 10:40:34.823 DEBUG --- [StartupInfoLogger.java:56] [main] - Running with Spring Boot v2.2.7.RELEASE, Spring v5.2.6.RELEASE
[TID: ] 2020-08-21 10:40:34.824 INFO  --- [SpringApplication.java:651] [main] - No active profile set, falling back to default profiles: default
[TID: ] 2020-08-21 10:40:35.616 INFO  --- [RepositoryConfigurationDelegate.java:249] [main] - Multiple Spring Data modules found, entering strict repository configuration mode!
[TID: ] 2020-08-21 10:40:35.620 INFO  --- [RepositoryConfigurationDelegate.java:127] [main] - Bootstrapping Spring Data Redis repositories in DEFAULT mode.
[TID: ] 2020-08-21 10:40:35.656 INFO  --- [RepositoryConfigurationDelegate.java:187] [main] - Finished Spring Data repository scanning in 17ms. Found 0 Redis repository interfaces.
[TID: ] 2020-08-21 10:40:36.082 INFO  --- [PostProcessorRegistrationDelegate.java:335] [main] - Bean 'com.alibaba.druid.spring.boot.autoconfigure.stat.DruidSpringAopConfiguration' of type [com.alibaba.druid.spring.boot.autoconfigure.stat.DruidSpringAopConfiguration] is not eligible for getting processed by all BeanPostProcessors (for example: not eligible for auto-proxying)
[TID: ] 2020-08-21 10:40:36.306 INFO  --- [PostProcessorRegistrationDelegate.java:335] [main] - Bean 'spring.datasource.druid-com.alibaba.druid.spring.boot.autoconfigure.properties.DruidStatProperties' of type [com.alibaba.druid.spring.boot.autoconfigure.properties.DruidStatProperties] is not eligible for getting processed by all BeanPostProcessors (for example: not eligible for auto-proxying)
[TID: ] 2020-08-21 10:40:36.316 INFO  --- [PostProcessorRegistrationDelegate.java:335] [main] - Bean 'advisor' of type [org.springframework.aop.support.RegexpMethodPointcutAdvisor] is not eligible for getting processed by all BeanPostProcessors (for example: not eligible for auto-proxying)
[TID: ] 2020-08-21 10:40:36.413 INFO  --- [DruidDataSourceAutoConfigure.java:56] [main] - Init DruidDataSource
[TID: ] 2020-08-21 10:40:36.916 INFO  --- [DruidDataSource.java:1010] [main] - {dataSource-1} inited
[TID: ] 2020-08-21 10:40:37.756 INFO  --- [ExecutorConfigurationSupport.java:181] [main] - Initializing ExecutorService 'applicationTaskExecutor'
[TID: ] 2020-08-21 10:40:37.863 INFO  --- [WelcomePageHandlerMapping.java:58] [main] - Adding welcome page template: index
[TID: ] 2020-08-21 10:40:38.289 INFO  --- [StartupInfoLogger.java:61] [main] - Started RfidReaderTest in 3.838 seconds (JVM running for 5.396)
[TID: ] 2020-08-21 10:40:53.690 INFO  --- [ExecutorConfigurationSupport.java:218] [SpringContextShutdownHook] - Shutting down ExecutorService 'applicationTaskExecutor'
[TID: ] 2020-08-21 10:40:53.692 INFO  --- [DruidDataSource.java:2003] [SpringContextShutdownHook] - {dataSource-1} closing ...
[TID: ] 2020-08-21 10:40:53.701 INFO  --- [DruidDataSource.java:2075] [SpringContextShutdownHook] - {dataSource-1} closed
[TID: ] 2020-08-21 10:41:34.765 INFO  --- [AbstractTestContextBootstrapper.java:308] [main] - Neither @ContextConfiguration nor @ContextHierarchy found for test class [com.example.one.RfidReaderTest], using SpringBootContextLoader
[TID: ] 2020-08-21 10:41:34.772 INFO  --- [AbstractContextLoader.java:264] [main] - Could not detect default resource locations for test class [com.example.one.RfidReaderTest]: no resource found for suffixes {-context.xml, Context.groovy}.
[TID: ] 2020-08-21 10:41:34.773 INFO  --- [AnnotationConfigContextLoaderUtils.java:83] [main] - Could not detect default configuration classes for test class [com.example.one.RfidReaderTest]: RfidReaderTest does not declare any static, non-private, non-final, nested classes annotated with @Configuration.
[TID: ] 2020-08-21 10:41:34.888 INFO  --- [SpringBootTestContextBootstrapper.java:237] [main] - Found @SpringBootConfiguration com.example.one.OneApplication for test class com.example.one.RfidReaderTest
[TID: ] 2020-08-21 10:41:34.963 INFO  --- [AbstractTestContextBootstrapper.java:248] [main] - Loaded default TestExecutionListener class names from location [META-INF/spring.factories]: [org.springframework.boot.test.mock.mockito.MockitoTestExecutionListener, org.springframework.boot.test.mock.mockito.ResetMocksTestExecutionListener, org.springframework.boot.test.autoconfigure.restdocs.RestDocsTestExecutionListener, org.springframework.boot.test.autoconfigure.web.client.MockRestServiceServerResetTestExecutionListener, org.springframework.boot.test.autoconfigure.web.servlet.MockMvcPrintOnlyOnFailureTestExecutionListener, org.springframework.boot.test.autoconfigure.web.servlet.WebDriverTestExecutionListener, org.springframework.test.context.web.ServletTestExecutionListener, org.springframework.test.context.support.DirtiesContextBeforeModesTestExecutionListener, org.springframework.test.context.support.DependencyInjectionTestExecutionListener, org.springframework.test.context.support.DirtiesContextTestExecutionListener, org.springframework.test.context.transaction.TransactionalTestExecutionListener, org.springframework.test.context.jdbc.SqlScriptsTestExecutionListener, org.springframework.test.context.event.EventPublishingTestExecutionListener]
[TID: ] 2020-08-21 10:41:34.975 INFO  --- [AbstractTestContextBootstrapper.java:177] [main] - Using TestExecutionListeners: [org.springframework.test.context.web.ServletTestExecutionListener@51bd8b5c, org.springframework.test.context.support.DirtiesContextBeforeModesTestExecutionListener@7b50df34, org.springframework.boot.test.mock.mockito.MockitoTestExecutionListener@1b410b60, org.springframework.boot.test.autoconfigure.SpringBootDependencyInjectionTestExecutionListener@2462cb01, org.springframework.test.context.support.DirtiesContextTestExecutionListener@19b843ba, org.springframework.test.context.transaction.TransactionalTestExecutionListener@64ec96c6, org.springframework.test.context.jdbc.SqlScriptsTestExecutionListener@77659b30, org.springframework.test.context.event.EventPublishingTestExecutionListener@456d6c1e, org.springframework.boot.test.mock.mockito.ResetMocksTestExecutionListener@1e13529a, org.springframework.boot.test.autoconfigure.restdocs.RestDocsTestExecutionListener@1ec9bd38, org.springframework.boot.test.autoconfigure.web.client.MockRestServiceServerResetTestExecutionListener@452e19ca, org.springframework.boot.test.autoconfigure.web.servlet.MockMvcPrintOnlyOnFailureTestExecutionListener@6b0d80ed, org.springframework.boot.test.autoconfigure.web.servlet.WebDriverTestExecutionListener@6f8e8894]
[TID: ] 2020-08-21 10:41:35.254 INFO  --- [StartupInfoLogger.java:55] [main] - Starting RfidReaderTest on cuiyaozhongdeMacBook-Pro.local with PID 2967 (started by cuiyaozhong in /Users/cuiyaozhong/software/ideapace/one)
[TID: ] 2020-08-21 10:41:35.254 DEBUG --- [StartupInfoLogger.java:56] [main] - Running with Spring Boot v2.2.7.RELEASE, Spring v5.2.6.RELEASE
[TID: ] 2020-08-21 10:41:35.255 INFO  --- [SpringApplication.java:651] [main] - No active profile set, falling back to default profiles: default
[TID: ] 2020-08-21 10:41:36.184 INFO  --- [RepositoryConfigurationDelegate.java:249] [main] - Multiple Spring Data modules found, entering strict repository configuration mode!
[TID: ] 2020-08-21 10:41:36.187 INFO  --- [RepositoryConfigurationDelegate.java:127] [main] - Bootstrapping Spring Data Redis repositories in DEFAULT mode.
[TID: ] 2020-08-21 10:41:36.232 INFO  --- [RepositoryConfigurationDelegate.java:187] [main] - Finished Spring Data repository scanning in 21ms. Found 0 Redis repository interfaces.
[TID: ] 2020-08-21 10:41:36.852 INFO  --- [PostProcessorRegistrationDelegate.java:335] [main] - Bean 'com.alibaba.druid.spring.boot.autoconfigure.stat.DruidSpringAopConfiguration' of type [com.alibaba.druid.spring.boot.autoconfigure.stat.DruidSpringAopConfiguration] is not eligible for getting processed by all BeanPostProcessors (for example: not eligible for auto-proxying)
[TID: ] 2020-08-21 10:41:37.098 INFO  --- [PostProcessorRegistrationDelegate.java:335] [main] - Bean 'spring.datasource.druid-com.alibaba.druid.spring.boot.autoconfigure.properties.DruidStatProperties' of type [com.alibaba.druid.spring.boot.autoconfigure.properties.DruidStatProperties] is not eligible for getting processed by all BeanPostProcessors (for example: not eligible for auto-proxying)
[TID: ] 2020-08-21 10:41:37.111 INFO  --- [PostProcessorRegistrationDelegate.java:335] [main] - Bean 'advisor' of type [org.springframework.aop.support.RegexpMethodPointcutAdvisor] is not eligible for getting processed by all BeanPostProcessors (for example: not eligible for auto-proxying)
[TID: ] 2020-08-21 10:41:37.215 INFO  --- [DruidDataSourceAutoConfigure.java:56] [main] - Init DruidDataSource
[TID: ] 2020-08-21 10:41:37.677 INFO  --- [DruidDataSource.java:1010] [main] - {dataSource-1} inited
[TID: ] 2020-08-21 10:41:38.483 INFO  --- [ExecutorConfigurationSupport.java:181] [main] - Initializing ExecutorService 'applicationTaskExecutor'
[TID: ] 2020-08-21 10:41:38.572 INFO  --- [WelcomePageHandlerMapping.java:58] [main] - Adding welcome page template: index
[TID: ] 2020-08-21 10:41:38.928 INFO  --- [StartupInfoLogger.java:61] [main] - Started RfidReaderTest in 3.922 seconds (JVM running for 5.082)
[TID: ] 2020-08-21 10:41:48.301 INFO  --- [ExecutorConfigurationSupport.java:218] [SpringContextShutdownHook] - Shutting down ExecutorService 'applicationTaskExecutor'
[TID: ] 2020-08-21 10:41:48.305 INFO  --- [DruidDataSource.java:2003] [SpringContextShutdownHook] - {dataSource-1} closing ...
[TID: ] 2020-08-21 10:41:48.321 INFO  --- [DruidDataSource.java:2075] [SpringContextShutdownHook] - {dataSource-1} closed
[TID: ] 2020-08-21 10:44:36.942 INFO  --- [AbstractTestContextBootstrapper.java:308] [main] - Neither @ContextConfiguration nor @ContextHierarchy found for test class [com.example.one.RfidReaderTest], using SpringBootContextLoader
[TID: ] 2020-08-21 10:44:36.950 INFO  --- [AbstractContextLoader.java:264] [main] - Could not detect default resource locations for test class [com.example.one.RfidReaderTest]: no resource found for suffixes {-context.xml, Context.groovy}.
[TID: ] 2020-08-21 10:44:36.950 INFO  --- [AnnotationConfigContextLoaderUtils.java:83] [main] - Could not detect default configuration classes for test class [com.example.one.RfidReaderTest]: RfidReaderTest does not declare any static, non-private, non-final, nested classes annotated with @Configuration.
[TID: ] 2020-08-21 10:44:37.060 INFO  --- [SpringBootTestContextBootstrapper.java:237] [main] - Found @SpringBootConfiguration com.example.one.OneApplication for test class com.example.one.RfidReaderTest
[TID: ] 2020-08-21 10:44:37.151 INFO  --- [AbstractTestContextBootstrapper.java:248] [main] - Loaded default TestExecutionListener class names from location [META-INF/spring.factories]: [org.springframework.boot.test.mock.mockito.MockitoTestExecutionListener, org.springframework.boot.test.mock.mockito.ResetMocksTestExecutionListener, org.springframework.boot.test.autoconfigure.restdocs.RestDocsTestExecutionListener, org.springframework.boot.test.autoconfigure.web.client.MockRestServiceServerResetTestExecutionListener, org.springframework.boot.test.autoconfigure.web.servlet.MockMvcPrintOnlyOnFailureTestExecutionListener, org.springframework.boot.test.autoconfigure.web.servlet.WebDriverTestExecutionListener, org.springframework.test.context.web.ServletTestExecutionListener, org.springframework.test.context.support.DirtiesContextBeforeModesTestExecutionListener, org.springframework.test.context.support.DependencyInjectionTestExecutionListener, org.springframework.test.context.support.DirtiesContextTestExecutionListener, org.springframework.test.context.transaction.TransactionalTestExecutionListener, org.springframework.test.context.jdbc.SqlScriptsTestExecutionListener, org.springframework.test.context.event.EventPublishingTestExecutionListener]
[TID: ] 2020-08-21 10:44:37.167 INFO  --- [AbstractTestContextBootstrapper.java:177] [main] - Using TestExecutionListeners: [org.springframework.test.context.web.ServletTestExecutionListener@669513d8, org.springframework.test.context.support.DirtiesContextBeforeModesTestExecutionListener@3a1d593e, org.springframework.boot.test.mock.mockito.MockitoTestExecutionListener@4a8a60bc, org.springframework.boot.test.autoconfigure.SpringBootDependencyInjectionTestExecutionListener@361c294e, org.springframework.test.context.support.DirtiesContextTestExecutionListener@7859e786, org.springframework.test.context.transaction.TransactionalTestExecutionListener@285d851a, org.springframework.test.context.jdbc.SqlScriptsTestExecutionListener@314b8f2d, org.springframework.test.context.event.EventPublishingTestExecutionListener@664a9613, org.springframework.boot.test.mock.mockito.ResetMocksTestExecutionListener@5118388b, org.springframework.boot.test.autoconfigure.restdocs.RestDocsTestExecutionListener@15a902e7, org.springframework.boot.test.autoconfigure.web.client.MockRestServiceServerResetTestExecutionListener@7876d598, org.springframework.boot.test.autoconfigure.web.servlet.MockMvcPrintOnlyOnFailureTestExecutionListener@4a3e3e8b, org.springframework.boot.test.autoconfigure.web.servlet.WebDriverTestExecutionListener@5af28b27]
[TID: ] 2020-08-21 10:44:37.485 INFO  --- [StartupInfoLogger.java:55] [main] - Starting RfidReaderTest on cuiyaozhongdeMacBook-Pro.local with PID 2987 (started by cuiyaozhong in /Users/cuiyaozhong/software/ideapace/one)
[TID: ] 2020-08-21 10:44:37.486 DEBUG --- [StartupInfoLogger.java:56] [main] - Running with Spring Boot v2.2.7.RELEASE, Spring v5.2.6.RELEASE
[TID: ] 2020-08-21 10:44:37.486 INFO  --- [SpringApplication.java:651] [main] - No active profile set, falling back to default profiles: default
[TID: ] 2020-08-21 10:44:38.253 INFO  --- [RepositoryConfigurationDelegate.java:249] [main] - Multiple Spring Data modules found, entering strict repository configuration mode!
[TID: ] 2020-08-21 10:44:38.258 INFO  --- [RepositoryConfigurationDelegate.java:127] [main] - Bootstrapping Spring Data Redis repositories in DEFAULT mode.
[TID: ] 2020-08-21 10:44:38.311 INFO  --- [RepositoryConfigurationDelegate.java:187] [main] - Finished Spring Data repository scanning in 27ms. Found 0 Redis repository interfaces.
[TID: ] 2020-08-21 10:44:38.826 INFO  --- [PostProcessorRegistrationDelegate.java:335] [main] - Bean 'com.alibaba.druid.spring.boot.autoconfigure.stat.DruidSpringAopConfiguration' of type [com.alibaba.druid.spring.boot.autoconfigure.stat.DruidSpringAopConfiguration] is not eligible for getting processed by all BeanPostProcessors (for example: not eligible for auto-proxying)
[TID: ] 2020-08-21 10:44:39.014 INFO  --- [PostProcessorRegistrationDelegate.java:335] [main] - Bean 'spring.datasource.druid-com.alibaba.druid.spring.boot.autoconfigure.properties.DruidStatProperties' of type [com.alibaba.druid.spring.boot.autoconfigure.properties.DruidStatProperties] is not eligible for getting processed by all BeanPostProcessors (for example: not eligible for auto-proxying)
[TID: ] 2020-08-21 10:44:39.025 INFO  --- [PostProcessorRegistrationDelegate.java:335] [main] - Bean 'advisor' of type [org.springframework.aop.support.RegexpMethodPointcutAdvisor] is not eligible for getting processed by all BeanPostProcessors (for example: not eligible for auto-proxying)
[TID: ] 2020-08-21 10:44:39.130 INFO  --- [DruidDataSourceAutoConfigure.java:56] [main] - Init DruidDataSource
[TID: ] 2020-08-21 10:44:39.612 INFO  --- [DruidDataSource.java:1010] [main] - {dataSource-1} inited
[TID: ] 2020-08-21 10:44:40.444 INFO  --- [ExecutorConfigurationSupport.java:181] [main] - Initializing ExecutorService 'applicationTaskExecutor'
[TID: ] 2020-08-21 10:44:40.560 INFO  --- [WelcomePageHandlerMapping.java:58] [main] - Adding welcome page template: index
[TID: ] 2020-08-21 10:44:41.015 INFO  --- [StartupInfoLogger.java:61] [main] - Started RfidReaderTest in 3.807 seconds (JVM running for 5.258)
[TID: ] 2020-08-21 11:05:46.811 INFO  --- [ExecutorConfigurationSupport.java:218] [SpringContextShutdownHook] - Shutting down ExecutorService 'applicationTaskExecutor'
[TID: ] 2020-08-21 11:05:46.813 INFO  --- [DruidDataSource.java:2003] [SpringContextShutdownHook] - {dataSource-1} closing ...
[TID: ] 2020-08-21 11:05:46.832 INFO  --- [DruidDataSource.java:2075] [SpringContextShutdownHook] - {dataSource-1} closed
[TID: ] 2020-08-21 11:06:15.847 INFO  --- [AbstractTestContextBootstrapper.java:308] [main] - Neither @ContextConfiguration nor @ContextHierarchy found for test class [com.example.one.RfidReaderTest], using SpringBootContextLoader
[TID: ] 2020-08-21 11:06:15.859 INFO  --- [AbstractContextLoader.java:264] [main] - Could not detect default resource locations for test class [com.example.one.RfidReaderTest]: no resource found for suffixes {-context.xml, Context.groovy}.
[TID: ] 2020-08-21 11:06:15.860 INFO  --- [AnnotationConfigContextLoaderUtils.java:83] [main] - Could not detect default configuration classes for test class [com.example.one.RfidReaderTest]: RfidReaderTest does not declare any static, non-private, non-final, nested classes annotated with @Configuration.
[TID: ] 2020-08-21 11:06:16.050 INFO  --- [SpringBootTestContextBootstrapper.java:237] [main] - Found @SpringBootConfiguration com.example.one.OneApplication for test class com.example.one.RfidReaderTest
[TID: ] 2020-08-21 11:06:16.163 INFO  --- [AbstractTestContextBootstrapper.java:248] [main] - Loaded default TestExecutionListener class names from location [META-INF/spring.factories]: [org.springframework.boot.test.mock.mockito.MockitoTestExecutionListener, org.springframework.boot.test.mock.mockito.ResetMocksTestExecutionListener, org.springframework.boot.test.autoconfigure.restdocs.RestDocsTestExecutionListener, org.springframework.boot.test.autoconfigure.web.client.MockRestServiceServerResetTestExecutionListener, org.springframework.boot.test.autoconfigure.web.servlet.MockMvcPrintOnlyOnFailureTestExecutionListener, org.springframework.boot.test.autoconfigure.web.servlet.WebDriverTestExecutionListener, org.springframework.test.context.web.ServletTestExecutionListener, org.springframework.test.context.support.DirtiesContextBeforeModesTestExecutionListener, org.springframework.test.context.support.DependencyInjectionTestExecutionListener, org.springframework.test.context.support.DirtiesContextTestExecutionListener, org.springframework.test.context.transaction.TransactionalTestExecutionListener, org.springframework.test.context.jdbc.SqlScriptsTestExecutionListener, org.springframework.test.context.event.EventPublishingTestExecutionListener]
[TID: ] 2020-08-21 11:06:16.180 INFO  --- [AbstractTestContextBootstrapper.java:177] [main] - Using TestExecutionListeners: [org.springframework.test.context.web.ServletTestExecutionListener@51bd8b5c, org.springframework.test.context.support.DirtiesContextBeforeModesTestExecutionListener@7b50df34, org.springframework.boot.test.mock.mockito.MockitoTestExecutionListener@1b410b60, org.springframework.boot.test.autoconfigure.SpringBootDependencyInjectionTestExecutionListener@2462cb01, org.springframework.test.context.support.DirtiesContextTestExecutionListener@19b843ba, org.springframework.test.context.transaction.TransactionalTestExecutionListener@64ec96c6, org.springframework.test.context.jdbc.SqlScriptsTestExecutionListener@77659b30, org.springframework.test.context.event.EventPublishingTestExecutionListener@456d6c1e, org.springframework.boot.test.mock.mockito.ResetMocksTestExecutionListener@1e13529a, org.springframework.boot.test.autoconfigure.restdocs.RestDocsTestExecutionListener@1ec9bd38, org.springframework.boot.test.autoconfigure.web.client.MockRestServiceServerResetTestExecutionListener@452e19ca, org.springframework.boot.test.autoconfigure.web.servlet.MockMvcPrintOnlyOnFailureTestExecutionListener@6b0d80ed, org.springframework.boot.test.autoconfigure.web.servlet.WebDriverTestExecutionListener@6f8e8894]
[TID: ] 2020-08-21 11:06:16.669 INFO  --- [StartupInfoLogger.java:55] [main] - Starting RfidReaderTest on cuiyaozhongdeMacBook-Pro.local with PID 3021 (started by cuiyaozhong in /Users/cuiyaozhong/software/ideapace/one)
[TID: ] 2020-08-21 11:06:16.670 DEBUG --- [StartupInfoLogger.java:56] [main] - Running with Spring Boot v2.2.7.RELEASE, Spring v5.2.6.RELEASE
[TID: ] 2020-08-21 11:06:16.671 INFO  --- [SpringApplication.java:651] [main] - No active profile set, falling back to default profiles: default
[TID: ] 2020-08-21 11:06:17.315 INFO  --- [RepositoryConfigurationDelegate.java:249] [main] - Multiple Spring Data modules found, entering strict repository configuration mode!
[TID: ] 2020-08-21 11:06:17.319 INFO  --- [RepositoryConfigurationDelegate.java:127] [main] - Bootstrapping Spring Data Redis repositories in DEFAULT mode.
[TID: ] 2020-08-21 11:06:17.358 INFO  --- [RepositoryConfigurationDelegate.java:187] [main] - Finished Spring Data repository scanning in 17ms. Found 0 Redis repository interfaces.
[TID: ] 2020-08-21 11:06:17.726 INFO  --- [PostProcessorRegistrationDelegate.java:335] [main] - Bean 'com.alibaba.druid.spring.boot.autoconfigure.stat.DruidSpringAopConfiguration' of type [com.alibaba.druid.spring.boot.autoconfigure.stat.DruidSpringAopConfiguration] is not eligible for getting processed by all BeanPostProcessors (for example: not eligible for auto-proxying)
[TID: ] 2020-08-21 11:06:17.900 INFO  --- [PostProcessorRegistrationDelegate.java:335] [main] - Bean 'spring.datasource.druid-com.alibaba.druid.spring.boot.autoconfigure.properties.DruidStatProperties' of type [com.alibaba.druid.spring.boot.autoconfigure.properties.DruidStatProperties] is not eligible for getting processed by all BeanPostProcessors (for example: not eligible for auto-proxying)
[TID: ] 2020-08-21 11:06:17.908 INFO  --- [PostProcessorRegistrationDelegate.java:335] [main] - Bean 'advisor' of type [org.springframework.aop.support.RegexpMethodPointcutAdvisor] is not eligible for getting processed by all BeanPostProcessors (for example: not eligible for auto-proxying)
[TID: ] 2020-08-21 11:06:18.012 INFO  --- [DruidDataSourceAutoConfigure.java:56] [main] - Init DruidDataSource
[TID: ] 2020-08-21 11:06:18.419 INFO  --- [DruidDataSource.java:1010] [main] - {dataSource-1} inited
[TID: ] 2020-08-21 11:06:19.242 INFO  --- [ExecutorConfigurationSupport.java:181] [main] - Initializing ExecutorService 'applicationTaskExecutor'
[TID: ] 2020-08-21 11:06:19.330 INFO  --- [WelcomePageHandlerMapping.java:58] [main] - Adding welcome page template: index
[TID: ] 2020-08-21 11:06:19.703 INFO  --- [StartupInfoLogger.java:61] [main] - Started RfidReaderTest in 3.488 seconds (JVM running for 4.764)
[TID: ] 2020-08-21 11:06:20.067 INFO  --- [ExecutorConfigurationSupport.java:218] [SpringContextShutdownHook] - Shutting down ExecutorService 'applicationTaskExecutor'
[TID: ] 2020-08-21 11:06:20.069 INFO  --- [DruidDataSource.java:2003] [SpringContextShutdownHook] - {dataSource-1} closing ...
[TID: ] 2020-08-21 11:06:20.080 INFO  --- [DruidDataSource.java:2075] [SpringContextShutdownHook] - {dataSource-1} closed
[TID: ] 2020-08-21 11:11:48.202 INFO  --- [AbstractTestContextBootstrapper.java:308] [main] - Neither @ContextConfiguration nor @ContextHierarchy found for test class [com.example.one.RfidReaderTest], using SpringBootContextLoader
[TID: ] 2020-08-21 11:11:48.210 INFO  --- [AbstractContextLoader.java:264] [main] - Could not detect default resource locations for test class [com.example.one.RfidReaderTest]: no resource found for suffixes {-context.xml, Context.groovy}.
[TID: ] 2020-08-21 11:11:48.211 INFO  --- [AnnotationConfigContextLoaderUtils.java:83] [main] - Could not detect default configuration classes for test class [com.example.one.RfidReaderTest]: RfidReaderTest does not declare any static, non-private, non-final, nested classes annotated with @Configuration.
[TID: ] 2020-08-21 11:11:48.338 INFO  --- [SpringBootTestContextBootstrapper.java:237] [main] - Found @SpringBootConfiguration com.example.one.OneApplication for test class com.example.one.RfidReaderTest
[TID: ] 2020-08-21 11:11:48.438 INFO  --- [AbstractTestContextBootstrapper.java:248] [main] - Loaded default TestExecutionListener class names from location [META-INF/spring.factories]: [org.springframework.boot.test.mock.mockito.MockitoTestExecutionListener, org.springframework.boot.test.mock.mockito.ResetMocksTestExecutionListener, org.springframework.boot.test.autoconfigure.restdocs.RestDocsTestExecutionListener, org.springframework.boot.test.autoconfigure.web.client.MockRestServiceServerResetTestExecutionListener, org.springframework.boot.test.autoconfigure.web.servlet.MockMvcPrintOnlyOnFailureTestExecutionListener, org.springframework.boot.test.autoconfigure.web.servlet.WebDriverTestExecutionListener, org.springframework.test.context.web.ServletTestExecutionListener, org.springframework.test.context.support.DirtiesContextBeforeModesTestExecutionListener, org.springframework.test.context.support.DependencyInjectionTestExecutionListener, org.springframework.test.context.support.DirtiesContextTestExecutionListener, org.springframework.test.context.transaction.TransactionalTestExecutionListener, org.springframework.test.context.jdbc.SqlScriptsTestExecutionListener, org.springframework.test.context.event.EventPublishingTestExecutionListener]
[TID: ] 2020-08-21 11:11:48.452 INFO  --- [AbstractTestContextBootstrapper.java:177] [main] - Using TestExecutionListeners: [org.springframework.test.context.web.ServletTestExecutionListener@51bd8b5c, org.springframework.test.context.support.DirtiesContextBeforeModesTestExecutionListener@7b50df34, org.springframework.boot.test.mock.mockito.MockitoTestExecutionListener@1b410b60, org.springframework.boot.test.autoconfigure.SpringBootDependencyInjectionTestExecutionListener@2462cb01, org.springframework.test.context.support.DirtiesContextTestExecutionListener@19b843ba, org.springframework.test.context.transaction.TransactionalTestExecutionListener@64ec96c6, org.springframework.test.context.jdbc.SqlScriptsTestExecutionListener@77659b30, org.springframework.test.context.event.EventPublishingTestExecutionListener@456d6c1e, org.springframework.boot.test.mock.mockito.ResetMocksTestExecutionListener@1e13529a, org.springframework.boot.test.autoconfigure.restdocs.RestDocsTestExecutionListener@1ec9bd38, org.springframework.boot.test.autoconfigure.web.client.MockRestServiceServerResetTestExecutionListener@452e19ca, org.springframework.boot.test.autoconfigure.web.servlet.MockMvcPrintOnlyOnFailureTestExecutionListener@6b0d80ed, org.springframework.boot.test.autoconfigure.web.servlet.WebDriverTestExecutionListener@6f8e8894]
[TID: ] 2020-08-21 11:11:49.042 INFO  --- [StartupInfoLogger.java:55] [main] - Starting RfidReaderTest on cuiyaozhongdeMacBook-Pro.local with PID 3026 (started by cuiyaozhong in /Users/cuiyaozhong/software/ideapace/one)
[TID: ] 2020-08-21 11:11:49.042 DEBUG --- [StartupInfoLogger.java:56] [main] - Running with Spring Boot v2.2.7.RELEASE, Spring v5.2.6.RELEASE
[TID: ] 2020-08-21 11:11:49.043 INFO  --- [SpringApplication.java:651] [main] - No active profile set, falling back to default profiles: default
[TID: ] 2020-08-21 11:11:49.932 INFO  --- [RepositoryConfigurationDelegate.java:249] [main] - Multiple Spring Data modules found, entering strict repository configuration mode!
[TID: ] 2020-08-21 11:11:49.936 INFO  --- [RepositoryConfigurationDelegate.java:127] [main] - Bootstrapping Spring Data Redis repositories in DEFAULT mode.
[TID: ] 2020-08-21 11:11:49.976 INFO  --- [RepositoryConfigurationDelegate.java:187] [main] - Finished Spring Data repository scanning in 21ms. Found 0 Redis repository interfaces.
[TID: ] 2020-08-21 11:11:50.343 INFO  --- [PostProcessorRegistrationDelegate.java:335] [main] - Bean 'com.alibaba.druid.spring.boot.autoconfigure.stat.DruidSpringAopConfiguration' of type [com.alibaba.druid.spring.boot.autoconfigure.stat.DruidSpringAopConfiguration] is not eligible for getting processed by all BeanPostProcessors (for example: not eligible for auto-proxying)
[TID: ] 2020-08-21 11:11:50.529 INFO  --- [PostProcessorRegistrationDelegate.java:335] [main] - Bean 'spring.datasource.druid-com.alibaba.druid.spring.boot.autoconfigure.properties.DruidStatProperties' of type [com.alibaba.druid.spring.boot.autoconfigure.properties.DruidStatProperties] is not eligible for getting processed by all BeanPostProcessors (for example: not eligible for auto-proxying)
[TID: ] 2020-08-21 11:11:50.538 INFO  --- [PostProcessorRegistrationDelegate.java:335] [main] - Bean 'advisor' of type [org.springframework.aop.support.RegexpMethodPointcutAdvisor] is not eligible for getting processed by all BeanPostProcessors (for example: not eligible for auto-proxying)
[TID: ] 2020-08-21 11:11:50.634 INFO  --- [DruidDataSourceAutoConfigure.java:56] [main] - Init DruidDataSource
[TID: ] 2020-08-21 11:11:51.078 INFO  --- [DruidDataSource.java:1010] [main] - {dataSource-1} inited
[TID: ] 2020-08-21 11:11:51.846 INFO  --- [ExecutorConfigurationSupport.java:181] [main] - Initializing ExecutorService 'applicationTaskExecutor'
[TID: ] 2020-08-21 11:11:51.937 INFO  --- [WelcomePageHandlerMapping.java:58] [main] - Adding welcome page template: index
[TID: ] 2020-08-21 11:11:52.497 INFO  --- [StartupInfoLogger.java:61] [main] - Started RfidReaderTest in 3.994 seconds (JVM running for 5.094)
[TID: ] 2020-08-21 11:12:02.146 INFO  --- [ExecutorConfigurationSupport.java:218] [SpringContextShutdownHook] - Shutting down ExecutorService 'applicationTaskExecutor'
[TID: ] 2020-08-21 11:12:02.149 INFO  --- [DruidDataSource.java:2003] [SpringContextShutdownHook] - {dataSource-1} closing ...
[TID: ] 2020-08-21 11:12:02.159 INFO  --- [DruidDataSource.java:2075] [SpringContextShutdownHook] - {dataSource-1} closed
[TID: ] 2020-08-21 13:47:10.805 INFO  --- [AbstractTestContextBootstrapper.java:308] [main] - Neither @ContextConfiguration nor @ContextHierarchy found for test class [com.example.one.RfidReaderTest], using SpringBootContextLoader
[TID: ] 2020-08-21 13:47:10.816 INFO  --- [AbstractContextLoader.java:264] [main] - Could not detect default resource locations for test class [com.example.one.RfidReaderTest]: no resource found for suffixes {-context.xml, Context.groovy}.
[TID: ] 2020-08-21 13:47:10.817 INFO  --- [AnnotationConfigContextLoaderUtils.java:83] [main] - Could not detect default configuration classes for test class [com.example.one.RfidReaderTest]: RfidReaderTest does not declare any static, non-private, non-final, nested classes annotated with @Configuration.
[TID: ] 2020-08-21 13:47:10.971 INFO  --- [SpringBootTestContextBootstrapper.java:237] [main] - Found @SpringBootConfiguration com.example.one.OneApplication for test class com.example.one.RfidReaderTest
[TID: ] 2020-08-21 13:47:11.092 INFO  --- [AbstractTestContextBootstrapper.java:248] [main] - Loaded default TestExecutionListener class names from location [META-INF/spring.factories]: [org.springframework.boot.test.mock.mockito.MockitoTestExecutionListener, org.springframework.boot.test.mock.mockito.ResetMocksTestExecutionListener, org.springframework.boot.test.autoconfigure.restdocs.RestDocsTestExecutionListener, org.springframework.boot.test.autoconfigure.web.client.MockRestServiceServerResetTestExecutionListener, org.springframework.boot.test.autoconfigure.web.servlet.MockMvcPrintOnlyOnFailureTestExecutionListener, org.springframework.boot.test.autoconfigure.web.servlet.WebDriverTestExecutionListener, org.springframework.test.context.web.ServletTestExecutionListener, org.springframework.test.context.support.DirtiesContextBeforeModesTestExecutionListener, org.springframework.test.context.support.DependencyInjectionTestExecutionListener, org.springframework.test.context.support.DirtiesContextTestExecutionListener, org.springframework.test.context.transaction.TransactionalTestExecutionListener, org.springframework.test.context.jdbc.SqlScriptsTestExecutionListener, org.springframework.test.context.event.EventPublishingTestExecutionListener]
[TID: ] 2020-08-21 13:47:11.112 INFO  --- [AbstractTestContextBootstrapper.java:177] [main] - Using TestExecutionListeners: [org.springframework.test.context.web.ServletTestExecutionListener@51bd8b5c, org.springframework.test.context.support.DirtiesContextBeforeModesTestExecutionListener@7b50df34, org.springframework.boot.test.mock.mockito.MockitoTestExecutionListener@1b410b60, org.springframework.boot.test.autoconfigure.SpringBootDependencyInjectionTestExecutionListener@2462cb01, org.springframework.test.context.support.DirtiesContextTestExecutionListener@19b843ba, org.springframework.test.context.transaction.TransactionalTestExecutionListener@64ec96c6, org.springframework.test.context.jdbc.SqlScriptsTestExecutionListener@77659b30, org.springframework.test.context.event.EventPublishingTestExecutionListener@456d6c1e, org.springframework.boot.test.mock.mockito.ResetMocksTestExecutionListener@1e13529a, org.springframework.boot.test.autoconfigure.restdocs.RestDocsTestExecutionListener@1ec9bd38, org.springframework.boot.test.autoconfigure.web.client.MockRestServiceServerResetTestExecutionListener@452e19ca, org.springframework.boot.test.autoconfigure.web.servlet.MockMvcPrintOnlyOnFailureTestExecutionListener@6b0d80ed, org.springframework.boot.test.autoconfigure.web.servlet.WebDriverTestExecutionListener@6f8e8894]
[TID: ] 2020-08-21 13:47:11.535 INFO  --- [StartupInfoLogger.java:55] [main] - Starting RfidReaderTest on cuiyaozhongdeMacBook-Pro.local with PID 3201 (started by cuiyaozhong in /Users/cuiyaozhong/software/ideapace/one)
[TID: ] 2020-08-21 13:47:11.535 DEBUG --- [StartupInfoLogger.java:56] [main] - Running with Spring Boot v2.2.7.RELEASE, Spring v5.2.6.RELEASE
[TID: ] 2020-08-21 13:47:11.536 INFO  --- [SpringApplication.java:651] [main] - No active profile set, falling back to default profiles: default
[TID: ] 2020-08-21 13:47:12.432 INFO  --- [RepositoryConfigurationDelegate.java:249] [main] - Multiple Spring Data modules found, entering strict repository configuration mode!
[TID: ] 2020-08-21 13:47:12.437 INFO  --- [RepositoryConfigurationDelegate.java:127] [main] - Bootstrapping Spring Data Redis repositories in DEFAULT mode.
[TID: ] 2020-08-21 13:47:12.482 INFO  --- [RepositoryConfigurationDelegate.java:187] [main] - Finished Spring Data repository scanning in 19ms. Found 0 Redis repository interfaces.
[TID: ] 2020-08-21 13:47:12.946 INFO  --- [PostProcessorRegistrationDelegate.java:335] [main] - Bean 'com.alibaba.druid.spring.boot.autoconfigure.stat.DruidSpringAopConfiguration' of type [com.alibaba.druid.spring.boot.autoconfigure.stat.DruidSpringAopConfiguration] is not eligible for getting processed by all BeanPostProcessors (for example: not eligible for auto-proxying)
[TID: ] 2020-08-21 13:47:13.130 INFO  --- [PostProcessorRegistrationDelegate.java:335] [main] - Bean 'spring.datasource.druid-com.alibaba.druid.spring.boot.autoconfigure.properties.DruidStatProperties' of type [com.alibaba.druid.spring.boot.autoconfigure.properties.DruidStatProperties] is not eligible for getting processed by all BeanPostProcessors (for example: not eligible for auto-proxying)
[TID: ] 2020-08-21 13:47:13.139 INFO  --- [PostProcessorRegistrationDelegate.java:335] [main] - Bean 'advisor' of type [org.springframework.aop.support.RegexpMethodPointcutAdvisor] is not eligible for getting processed by all BeanPostProcessors (for example: not eligible for auto-proxying)
[TID: ] 2020-08-21 13:47:13.249 INFO  --- [DruidDataSourceAutoConfigure.java:56] [main] - Init DruidDataSource
[TID: ] 2020-08-21 13:47:13.766 INFO  --- [DruidDataSource.java:1010] [main] - {dataSource-1} inited
[TID: ] 2020-08-21 13:47:14.592 INFO  --- [ExecutorConfigurationSupport.java:181] [main] - Initializing ExecutorService 'applicationTaskExecutor'
[TID: ] 2020-08-21 13:47:14.695 INFO  --- [WelcomePageHandlerMapping.java:58] [main] - Adding welcome page template: index
[TID: ] 2020-08-21 13:47:15.082 INFO  --- [StartupInfoLogger.java:61] [main] - Started RfidReaderTest in 3.927 seconds (JVM running for 5.12)
[TID: ] 2020-08-21 13:47:16.540 INFO  --- [ExecutorConfigurationSupport.java:218] [SpringContextShutdownHook] - Shutting down ExecutorService 'applicationTaskExecutor'
[TID: ] 2020-08-21 13:47:16.541 INFO  --- [DruidDataSource.java:2003] [SpringContextShutdownHook] - {dataSource-1} closing ...
[TID: ] 2020-08-21 13:47:16.554 INFO  --- [DruidDataSource.java:2075] [SpringContextShutdownHook] - {dataSource-1} closed
[TID: ] 2020-08-21 13:48:18.405 INFO  --- [AbstractTestContextBootstrapper.java:308] [main] - Neither @ContextConfiguration nor @ContextHierarchy found for test class [com.example.one.RfidReaderTest], using SpringBootContextLoader
[TID: ] 2020-08-21 13:48:18.414 INFO  --- [AbstractContextLoader.java:264] [main] - Could not detect default resource locations for test class [com.example.one.RfidReaderTest]: no resource found for suffixes {-context.xml, Context.groovy}.
[TID: ] 2020-08-21 13:48:18.416 INFO  --- [AnnotationConfigContextLoaderUtils.java:83] [main] - Could not detect default configuration classes for test class [com.example.one.RfidReaderTest]: RfidReaderTest does not declare any static, non-private, non-final, nested classes annotated with @Configuration.
[TID: ] 2020-08-21 13:48:18.556 INFO  --- [SpringBootTestContextBootstrapper.java:237] [main] - Found @SpringBootConfiguration com.example.one.OneApplication for test class com.example.one.RfidReaderTest
[TID: ] 2020-08-21 13:48:18.660 INFO  --- [AbstractTestContextBootstrapper.java:248] [main] - Loaded default TestExecutionListener class names from location [META-INF/spring.factories]: [org.springframework.boot.test.mock.mockito.MockitoTestExecutionListener, org.springframework.boot.test.mock.mockito.ResetMocksTestExecutionListener, org.springframework.boot.test.autoconfigure.restdocs.RestDocsTestExecutionListener, org.springframework.boot.test.autoconfigure.web.client.MockRestServiceServerResetTestExecutionListener, org.springframework.boot.test.autoconfigure.web.servlet.MockMvcPrintOnlyOnFailureTestExecutionListener, org.springframework.boot.test.autoconfigure.web.servlet.WebDriverTestExecutionListener, org.springframework.test.context.web.ServletTestExecutionListener, org.springframework.test.context.support.DirtiesContextBeforeModesTestExecutionListener, org.springframework.test.context.support.DependencyInjectionTestExecutionListener, org.springframework.test.context.support.DirtiesContextTestExecutionListener, org.springframework.test.context.transaction.TransactionalTestExecutionListener, org.springframework.test.context.jdbc.SqlScriptsTestExecutionListener, org.springframework.test.context.event.EventPublishingTestExecutionListener]
[TID: ] 2020-08-21 13:48:18.674 INFO  --- [AbstractTestContextBootstrapper.java:177] [main] - Using TestExecutionListeners: [org.springframework.test.context.web.ServletTestExecutionListener@51bd8b5c, org.springframework.test.context.support.DirtiesContextBeforeModesTestExecutionListener@7b50df34, org.springframework.boot.test.mock.mockito.MockitoTestExecutionListener@1b410b60, org.springframework.boot.test.autoconfigure.SpringBootDependencyInjectionTestExecutionListener@2462cb01, org.springframework.test.context.support.DirtiesContextTestExecutionListener@19b843ba, org.springframework.test.context.transaction.TransactionalTestExecutionListener@64ec96c6, org.springframework.test.context.jdbc.SqlScriptsTestExecutionListener@77659b30, org.springframework.test.context.event.EventPublishingTestExecutionListener@456d6c1e, org.springframework.boot.test.mock.mockito.ResetMocksTestExecutionListener@1e13529a, org.springframework.boot.test.autoconfigure.restdocs.RestDocsTestExecutionListener@1ec9bd38, org.springframework.boot.test.autoconfigure.web.client.MockRestServiceServerResetTestExecutionListener@452e19ca, org.springframework.boot.test.autoconfigure.web.servlet.MockMvcPrintOnlyOnFailureTestExecutionListener@6b0d80ed, org.springframework.boot.test.autoconfigure.web.servlet.WebDriverTestExecutionListener@6f8e8894]
[TID: ] 2020-08-21 13:48:18.965 INFO  --- [StartupInfoLogger.java:55] [main] - Starting RfidReaderTest on cuiyaozhongdeMacBook-Pro.local with PID 3204 (started by cuiyaozhong in /Users/cuiyaozhong/software/ideapace/one)
[TID: ] 2020-08-21 13:48:18.965 DEBUG --- [StartupInfoLogger.java:56] [main] - Running with Spring Boot v2.2.7.RELEASE, Spring v5.2.6.RELEASE
[TID: ] 2020-08-21 13:48:18.966 INFO  --- [SpringApplication.java:651] [main] - No active profile set, falling back to default profiles: default
[TID: ] 2020-08-21 13:48:19.581 INFO  --- [RepositoryConfigurationDelegate.java:249] [main] - Multiple Spring Data modules found, entering strict repository configuration mode!
[TID: ] 2020-08-21 13:48:19.584 INFO  --- [RepositoryConfigurationDelegate.java:127] [main] - Bootstrapping Spring Data Redis repositories in DEFAULT mode.
[TID: ] 2020-08-21 13:48:19.619 INFO  --- [RepositoryConfigurationDelegate.java:187] [main] - Finished Spring Data repository scanning in 17ms. Found 0 Redis repository interfaces.
[TID: ] 2020-08-21 13:48:20.042 INFO  --- [PostProcessorRegistrationDelegate.java:335] [main] - Bean 'com.alibaba.druid.spring.boot.autoconfigure.stat.DruidSpringAopConfiguration' of type [com.alibaba.druid.spring.boot.autoconfigure.stat.DruidSpringAopConfiguration] is not eligible for getting processed by all BeanPostProcessors (for example: not eligible for auto-proxying)
[TID: ] 2020-08-21 13:48:20.232 INFO  --- [PostProcessorRegistrationDelegate.java:335] [main] - Bean 'spring.datasource.druid-com.alibaba.druid.spring.boot.autoconfigure.properties.DruidStatProperties' of type [com.alibaba.druid.spring.boot.autoconfigure.properties.DruidStatProperties] is not eligible for getting processed by all BeanPostProcessors (for example: not eligible for auto-proxying)
[TID: ] 2020-08-21 13:48:20.240 INFO  --- [PostProcessorRegistrationDelegate.java:335] [main] - Bean 'advisor' of type [org.springframework.aop.support.RegexpMethodPointcutAdvisor] is not eligible for getting processed by all BeanPostProcessors (for example: not eligible for auto-proxying)
[TID: ] 2020-08-21 13:48:20.329 INFO  --- [DruidDataSourceAutoConfigure.java:56] [main] - Init DruidDataSource
[TID: ] 2020-08-21 13:48:20.979 INFO  --- [DruidDataSource.java:1010] [main] - {dataSource-1} inited
[TID: ] 2020-08-21 13:48:22.484 INFO  --- [ExecutorConfigurationSupport.java:181] [main] - Initializing ExecutorService 'applicationTaskExecutor'
[TID: ] 2020-08-21 13:48:22.567 INFO  --- [WelcomePageHandlerMapping.java:58] [main] - Adding welcome page template: index
[TID: ] 2020-08-21 13:48:22.969 INFO  --- [StartupInfoLogger.java:61] [main] - Started RfidReaderTest in 4.261 seconds (JVM running for 5.407)
[TID: ] 2020-08-21 13:48:23.529 INFO  --- [ExecutorConfigurationSupport.java:218] [SpringContextShutdownHook] - Shutting down ExecutorService 'applicationTaskExecutor'
[TID: ] 2020-08-21 13:48:23.531 INFO  --- [DruidDataSource.java:2003] [SpringContextShutdownHook] - {dataSource-1} closing ...
[TID: ] 2020-08-21 13:48:23.543 INFO  --- [DruidDataSource.java:2075] [SpringContextShutdownHook] - {dataSource-1} closed
[TID: ] 2020-08-21 13:48:46.555 INFO  --- [AbstractTestContextBootstrapper.java:308] [main] - Neither @ContextConfiguration nor @ContextHierarchy found for test class [com.example.one.RfidReaderTest], using SpringBootContextLoader
[TID: ] 2020-08-21 13:48:46.562 INFO  --- [AbstractContextLoader.java:264] [main] - Could not detect default resource locations for test class [com.example.one.RfidReaderTest]: no resource found for suffixes {-context.xml, Context.groovy}.
[TID: ] 2020-08-21 13:48:46.563 INFO  --- [AnnotationConfigContextLoaderUtils.java:83] [main] - Could not detect default configuration classes for test class [com.example.one.RfidReaderTest]: RfidReaderTest does not declare any static, non-private, non-final, nested classes annotated with @Configuration.
[TID: ] 2020-08-21 13:48:46.676 INFO  --- [SpringBootTestContextBootstrapper.java:237] [main] - Found @SpringBootConfiguration com.example.one.OneApplication for test class com.example.one.RfidReaderTest
[TID: ] 2020-08-21 13:48:46.743 INFO  --- [AbstractTestContextBootstrapper.java:248] [main] - Loaded default TestExecutionListener class names from location [META-INF/spring.factories]: [org.springframework.boot.test.mock.mockito.MockitoTestExecutionListener, org.springframework.boot.test.mock.mockito.ResetMocksTestExecutionListener, org.springframework.boot.test.autoconfigure.restdocs.RestDocsTestExecutionListener, org.springframework.boot.test.autoconfigure.web.client.MockRestServiceServerResetTestExecutionListener, org.springframework.boot.test.autoconfigure.web.servlet.MockMvcPrintOnlyOnFailureTestExecutionListener, org.springframework.boot.test.autoconfigure.web.servlet.WebDriverTestExecutionListener, org.springframework.test.context.web.ServletTestExecutionListener, org.springframework.test.context.support.DirtiesContextBeforeModesTestExecutionListener, org.springframework.test.context.support.DependencyInjectionTestExecutionListener, org.springframework.test.context.support.DirtiesContextTestExecutionListener, org.springframework.test.context.transaction.TransactionalTestExecutionListener, org.springframework.test.context.jdbc.SqlScriptsTestExecutionListener, org.springframework.test.context.event.EventPublishingTestExecutionListener]
[TID: ] 2020-08-21 13:48:46.760 INFO  --- [AbstractTestContextBootstrapper.java:177] [main] - Using TestExecutionListeners: [org.springframework.test.context.web.ServletTestExecutionListener@51bd8b5c, org.springframework.test.context.support.DirtiesContextBeforeModesTestExecutionListener@7b50df34, org.springframework.boot.test.mock.mockito.MockitoTestExecutionListener@1b410b60, org.springframework.boot.test.autoconfigure.SpringBootDependencyInjectionTestExecutionListener@2462cb01, org.springframework.test.context.support.DirtiesContextTestExecutionListener@19b843ba, org.springframework.test.context.transaction.TransactionalTestExecutionListener@64ec96c6, org.springframework.test.context.jdbc.SqlScriptsTestExecutionListener@77659b30, org.springframework.test.context.event.EventPublishingTestExecutionListener@456d6c1e, org.springframework.boot.test.mock.mockito.ResetMocksTestExecutionListener@1e13529a, org.springframework.boot.test.autoconfigure.restdocs.RestDocsTestExecutionListener@1ec9bd38, org.springframework.boot.test.autoconfigure.web.client.MockRestServiceServerResetTestExecutionListener@452e19ca, org.springframework.boot.test.autoconfigure.web.servlet.MockMvcPrintOnlyOnFailureTestExecutionListener@6b0d80ed, org.springframework.boot.test.autoconfigure.web.servlet.WebDriverTestExecutionListener@6f8e8894]
[TID: ] 2020-08-21 13:48:47.031 INFO  --- [StartupInfoLogger.java:55] [main] - Starting RfidReaderTest on cuiyaozhongdeMacBook-Pro.local with PID 3240 (started by cuiyaozhong in /Users/cuiyaozhong/software/ideapace/one)
[TID: ] 2020-08-21 13:48:47.032 DEBUG --- [StartupInfoLogger.java:56] [main] - Running with Spring Boot v2.2.7.RELEASE, Spring v5.2.6.RELEASE
[TID: ] 2020-08-21 13:48:47.032 INFO  --- [SpringApplication.java:651] [main] - No active profile set, falling back to default profiles: default
[TID: ] 2020-08-21 13:48:47.629 INFO  --- [RepositoryConfigurationDelegate.java:249] [main] - Multiple Spring Data modules found, entering strict repository configuration mode!
[TID: ] 2020-08-21 13:48:47.632 INFO  --- [RepositoryConfigurationDelegate.java:127] [main] - Bootstrapping Spring Data Redis repositories in DEFAULT mode.
[TID: ] 2020-08-21 13:48:47.665 INFO  --- [RepositoryConfigurationDelegate.java:187] [main] - Finished Spring Data repository scanning in 17ms. Found 0 Redis repository interfaces.
[TID: ] 2020-08-21 13:48:48.094 INFO  --- [PostProcessorRegistrationDelegate.java:335] [main] - Bean 'com.alibaba.druid.spring.boot.autoconfigure.stat.DruidSpringAopConfiguration' of type [com.alibaba.druid.spring.boot.autoconfigure.stat.DruidSpringAopConfiguration] is not eligible for getting processed by all BeanPostProcessors (for example: not eligible for auto-proxying)
[TID: ] 2020-08-21 13:48:48.291 INFO  --- [PostProcessorRegistrationDelegate.java:335] [main] - Bean 'spring.datasource.druid-com.alibaba.druid.spring.boot.autoconfigure.properties.DruidStatProperties' of type [com.alibaba.druid.spring.boot.autoconfigure.properties.DruidStatProperties] is not eligible for getting processed by all BeanPostProcessors (for example: not eligible for auto-proxying)
[TID: ] 2020-08-21 13:48:48.300 INFO  --- [PostProcessorRegistrationDelegate.java:335] [main] - Bean 'advisor' of type [org.springframework.aop.support.RegexpMethodPointcutAdvisor] is not eligible for getting processed by all BeanPostProcessors (for example: not eligible for auto-proxying)
[TID: ] 2020-08-21 13:48:48.398 INFO  --- [DruidDataSourceAutoConfigure.java:56] [main] - Init DruidDataSource
[TID: ] 2020-08-21 13:48:48.830 INFO  --- [DruidDataSource.java:1010] [main] - {dataSource-1} inited
[TID: ] 2020-08-21 13:48:49.850 INFO  --- [ExecutorConfigurationSupport.java:181] [main] - Initializing ExecutorService 'applicationTaskExecutor'
[TID: ] 2020-08-21 13:48:49.988 INFO  --- [WelcomePageHandlerMapping.java:58] [main] - Adding welcome page template: index
[TID: ] 2020-08-21 13:48:50.428 INFO  --- [StartupInfoLogger.java:61] [main] - Started RfidReaderTest in 3.63 seconds (JVM running for 4.669)
[TID: ] 2020-08-21 13:48:53.027 INFO  --- [ExecutorConfigurationSupport.java:218] [SpringContextShutdownHook] - Shutting down ExecutorService 'applicationTaskExecutor'
[TID: ] 2020-08-21 13:48:53.029 INFO  --- [DruidDataSource.java:2003] [SpringContextShutdownHook] - {dataSource-1} closing ...
[TID: ] 2020-08-21 13:48:53.044 INFO  --- [DruidDataSource.java:2075] [SpringContextShutdownHook] - {dataSource-1} closed
